2015-02-09 15:45:26.680+0000 INFO  [o.n.s.CommunityNeoServer]: Setting startup timeout to: 120000ms based on -1
2015-02-09 15:45:26.794+0000 INFO  [o.n.k.InternalAbstractGraphDatabase]: No locking implementation specified, defaulting to 'community'
2015-02-09 15:45:26.879+0000 INFO  [o.n.k.i.DiagnosticsManager]: --- INITIALIZED diagnostics START ---
2015-02-09 15:45:26.881+0000 INFO  [o.n.k.i.DiagnosticsManager]: Neo4j Kernel properties:
2015-02-09 15:45:26.882+0000 INFO  [o.n.k.i.DiagnosticsManager]: neostore.propertystore.db.mapped_memory=24M
2015-02-09 15:45:26.882+0000 INFO  [o.n.k.i.DiagnosticsManager]: neostore.relationshipgroupstore.db.mapped_memory=0M
2015-02-09 15:45:26.883+0000 INFO  [o.n.k.i.DiagnosticsManager]: neostore.nodestore.db.mapped_memory=6M
2015-02-09 15:45:26.883+0000 INFO  [o.n.k.i.DiagnosticsManager]: neostore.relationshipstore.db.mapped_memory=28M
2015-02-09 15:45:26.883+0000 INFO  [o.n.k.i.DiagnosticsManager]: neostore.propertystore.db.strings.mapped_memory=21M
2015-02-09 15:45:26.883+0000 INFO  [o.n.k.i.DiagnosticsManager]: store_dir=D:\Personal\Fakultet\IV godina\Napredne baze podataka\Projekat\JeeBerryHome3\VeselaJetra\GraphDB
2015-02-09 15:45:26.883+0000 INFO  [o.n.k.i.DiagnosticsManager]: keep_logical_logs=true
2015-02-09 15:45:26.883+0000 INFO  [o.n.k.i.DiagnosticsManager]: neostore.propertystore.db.arrays.mapped_memory=24M
2015-02-09 15:45:26.883+0000 INFO  [o.n.k.i.DiagnosticsManager]: remote_shell_enabled=true
2015-02-09 15:45:26.884+0000 INFO  [o.n.k.i.DiagnosticsManager]: Diagnostics providers:
2015-02-09 15:45:26.884+0000 INFO  [o.n.k.i.DiagnosticsManager]: org.neo4j.kernel.configuration.Config
2015-02-09 15:45:26.884+0000 INFO  [o.n.k.i.DiagnosticsManager]: org.neo4j.kernel.info.DiagnosticsManager
2015-02-09 15:45:26.884+0000 INFO  [o.n.k.i.DiagnosticsManager]: SYSTEM_MEMORY
2015-02-09 15:45:26.884+0000 INFO  [o.n.k.i.DiagnosticsManager]: JAVA_MEMORY
2015-02-09 15:45:26.884+0000 INFO  [o.n.k.i.DiagnosticsManager]: OPERATING_SYSTEM
2015-02-09 15:45:26.884+0000 INFO  [o.n.k.i.DiagnosticsManager]: JAVA_VIRTUAL_MACHINE
2015-02-09 15:45:26.884+0000 INFO  [o.n.k.i.DiagnosticsManager]: CLASSPATH
2015-02-09 15:45:26.885+0000 INFO  [o.n.k.i.DiagnosticsManager]: LIBRARY_PATH
2015-02-09 15:45:26.885+0000 INFO  [o.n.k.i.DiagnosticsManager]: SYSTEM_PROPERTIES
2015-02-09 15:45:26.885+0000 INFO  [o.n.k.i.DiagnosticsManager]: NETWORK
2015-02-09 15:45:26.885+0000 INFO  [o.n.k.i.DiagnosticsManager]: System memory information:
2015-02-09 15:45:26.887+0000 INFO  [o.n.k.i.DiagnosticsManager]: Total Physical memory: 4.00 GB
2015-02-09 15:45:26.887+0000 INFO  [o.n.k.i.DiagnosticsManager]: Free Physical memory: 3.49 GB
2015-02-09 15:45:26.887+0000 INFO  [o.n.k.i.DiagnosticsManager]: Committed virtual memory: 128.04 MB
2015-02-09 15:45:26.888+0000 INFO  [o.n.k.i.DiagnosticsManager]: Total swap space: 4.00 GB
2015-02-09 15:45:26.888+0000 INFO  [o.n.k.i.DiagnosticsManager]: Free swap space: 3.90 GB
2015-02-09 15:45:26.888+0000 INFO  [o.n.k.i.DiagnosticsManager]: JVM memory information:
2015-02-09 15:45:26.889+0000 INFO  [o.n.k.i.DiagnosticsManager]: Free  memory: 47.28 MB
2015-02-09 15:45:26.889+0000 INFO  [o.n.k.i.DiagnosticsManager]: Total memory: 61.50 MB
2015-02-09 15:45:26.889+0000 INFO  [o.n.k.i.DiagnosticsManager]: Max   memory: 455.25 MB
2015-02-09 15:45:26.890+0000 INFO  [o.n.k.i.DiagnosticsManager]: Garbage Collector: PS Scavenge: [PS Eden Space, PS Survivor Space]
2015-02-09 15:45:26.891+0000 INFO  [o.n.k.i.DiagnosticsManager]: Garbage Collector: PS MarkSweep: [PS Eden Space, PS Survivor Space, PS Old Gen, PS Perm Gen]
2015-02-09 15:45:26.892+0000 INFO  [o.n.k.i.DiagnosticsManager]: Memory Pool: Code Cache (Non-heap memory): committed=2.25 MB, used=730.19 kB, max=48.00 MB, threshold=0.00 B
2015-02-09 15:45:26.892+0000 INFO  [o.n.k.i.DiagnosticsManager]: Memory Pool: PS Eden Space (Heap memory): committed=16.50 MB, used=2.40 MB, max=165.75 MB, threshold=?
2015-02-09 15:45:26.893+0000 INFO  [o.n.k.i.DiagnosticsManager]: Memory Pool: PS Survivor Space (Heap memory): committed=2.50 MB, used=2.49 MB, max=2.50 MB, threshold=?
2015-02-09 15:45:26.893+0000 INFO  [o.n.k.i.DiagnosticsManager]: Memory Pool: PS Old Gen (Heap memory): committed=42.50 MB, used=9.55 MB, max=341.25 MB, threshold=0.00 B
2015-02-09 15:45:26.894+0000 INFO  [o.n.k.i.DiagnosticsManager]: Memory Pool: PS Perm Gen (Non-heap memory): committed=16.00 MB, used=15.51 MB, max=64.00 MB, threshold=0.00 B
2015-02-09 15:45:26.894+0000 INFO  [o.n.k.i.DiagnosticsManager]: Operating system information:
2015-02-09 15:45:26.894+0000 INFO  [o.n.k.i.DiagnosticsManager]: Operating System: Windows 8; version: 6.2; arch: x86; cpus: 4
2015-02-09 15:45:26.895+0000 INFO  [o.n.k.i.DiagnosticsManager]: Process id: 4896@HyperWarp
2015-02-09 15:45:26.895+0000 INFO  [o.n.k.i.DiagnosticsManager]: Byte order: LITTLE_ENDIAN
2015-02-09 15:45:26.895+0000 INFO  [o.n.k.i.DiagnosticsManager]: Local timezone: Europe/Prague
2015-02-09 15:45:26.895+0000 INFO  [o.n.k.i.DiagnosticsManager]: JVM information:
2015-02-09 15:45:26.895+0000 INFO  [o.n.k.i.DiagnosticsManager]: VM Name: Java HotSpot(TM) Server VM
2015-02-09 15:45:26.895+0000 INFO  [o.n.k.i.DiagnosticsManager]: VM Vendor: Oracle Corporation
2015-02-09 15:45:26.895+0000 INFO  [o.n.k.i.DiagnosticsManager]: VM Version: 24.55-b03
2015-02-09 15:45:26.896+0000 INFO  [o.n.k.i.DiagnosticsManager]: JIT compiler: HotSpot Tiered Compilers
2015-02-09 15:45:26.896+0000 INFO  [o.n.k.i.DiagnosticsManager]: VM Arguments: [-Dexe4j.semaphoreName=Local\c:_program_files_(x86)_neo4j_community_bin_neo4j-community.exe, -Dexe4j.isInstall4j=true, -Dexe4j.moduleName=C:\Program Files (x86)\Neo4j Community\bin\neo4j-community.exe, -Dexe4j.processCommFile=C:\Users\Pavle\AppData\Local\Temp\e4j_p4896.tmp, -Dexe4j.tempDir=, -Dexe4j.unextractedPosition=0, -Djava.library.path=C:\ProgramData\Oracle\Java\javapath;C:\Program Files (x86)\NVIDIA Corporation\PhysX\Common;C:\Program Files\NVIDIA GPU Computing Toolkit\CUDA\v6.5\bin;C:\Program Files\NVIDIA GPU Computing Toolkit\CUDA\v6.5\libnvvp;D:\app\Pavle\product\11.2.0\client_1\bin;C:\Windows\system32;C:\Windows;C:\Windows\System32\Wbem;C:\Windows\System32\WindowsPowerShell\v1.0\;C:\Program Files\Microsoft\Web Platform Installer\;C:\Program Files (x86)\Microsoft ASP.NET\ASP.NET Web Pages\v1.0\;C:\Program Files (x86)\Windows Kits\8.0\Windows Performance Toolkit\;C:\Program Files\Microsoft SQL Server\110\Tools\Binn\;C:\Program Files (x86)\Git\cmd;C:\Program Files (x86)\Microchip\MPLAB C32 Suite\bin;C:\Program Files (x86)\Windows Live\Shared;C:\Program Files (x86)\Graphviz2.38\bin\dot.exe;D:\Personal\Projekti\Graphics programming\ArcSynthesis\Tutorial 0.3.8\premake4.exe;;c:\program files (x86)\java\jdk1.7.0_55\jre\bin, -Dexe4j.consoleCodepage=cp0, -Dinstall4j.launcherId=24, -Dinstall4j.swt=false, -Xmx512m]
2015-02-09 15:45:26.896+0000 INFO  [o.n.k.i.DiagnosticsManager]: Java classpath:
2015-02-09 15:45:26.902+0000 INFO  [o.n.k.i.DiagnosticsManager]:  [loader.1] file:/C:/Program%20Files%20(x86)/Java/jdk1.7.0_55/jre/lib/ext/localedata.jar
2015-02-09 15:45:26.902+0000 INFO  [o.n.k.i.DiagnosticsManager]:  [loader.1] file:/C:/Program%20Files%20(x86)/Java/jdk1.7.0_55/jre/lib/ext/dnsns.jar
2015-02-09 15:45:26.902+0000 INFO  [o.n.k.i.DiagnosticsManager]:  [loader.0] file:/C:/Program%20Files%20(x86)/Neo4j%20Community/bin/neo4j-desktop-2.1.7.jar
2015-02-09 15:45:26.902+0000 INFO  [o.n.k.i.DiagnosticsManager]:  [loader.1] file:/C:/Program%20Files%20(x86)/Java/jdk1.7.0_55/jre/lib/ext/sunpkcs11.jar
2015-02-09 15:45:26.902+0000 INFO  [o.n.k.i.DiagnosticsManager]:  [classpath] C:\Program Files (x86)\Neo4j Community\.install4j\i4jruntime.jar
2015-02-09 15:45:26.902+0000 INFO  [o.n.k.i.DiagnosticsManager]:  [loader.1] file:/C:/Program%20Files%20(x86)/Java/jdk1.7.0_55/jre/lib/ext/sunjce_provider.jar
2015-02-09 15:45:26.902+0000 INFO  [o.n.k.i.DiagnosticsManager]:  [bootstrap] C:\Program Files (x86)\Java\jdk1.7.0_55\jre\lib\sunrsasign.jar
2015-02-09 15:45:26.902+0000 INFO  [o.n.k.i.DiagnosticsManager]:  [bootstrap] C:\Program Files (x86)\Java\jdk1.7.0_55\jre\classes
2015-02-09 15:45:26.902+0000 INFO  [o.n.k.i.DiagnosticsManager]:  [loader.1] file:/C:/Program%20Files%20(x86)/Java/jdk1.7.0_55/jre/lib/ext/jaccess.jar
2015-02-09 15:45:26.902+0000 INFO  [o.n.k.i.DiagnosticsManager]:  [classpath] C:\Program Files (x86)\Neo4j Community\bin\neo4j-desktop-2.1.7.jar
2015-02-09 15:45:26.902+0000 INFO  [o.n.k.i.DiagnosticsManager]:  [loader.0] file:/C:/Program%20Files%20(x86)/Neo4j%20Community/bin/
2015-02-09 15:45:26.902+0000 INFO  [o.n.k.i.DiagnosticsManager]:  [loader.1] file:/C:/Program%20Files%20(x86)/Java/jdk1.7.0_55/jre/lib/ext/sunec.jar
2015-02-09 15:45:26.902+0000 INFO  [o.n.k.i.DiagnosticsManager]:  [loader.0] file:/C:/Program%20Files%20(x86)/Neo4j%20Community/.install4j/i4jruntime.jar
2015-02-09 15:45:26.902+0000 INFO  [o.n.k.i.DiagnosticsManager]:  [bootstrap] C:\Program Files (x86)\Java\jdk1.7.0_55\jre\lib\resources.jar
2015-02-09 15:45:26.902+0000 INFO  [o.n.k.i.DiagnosticsManager]:  [bootstrap] C:\Program Files (x86)\Java\jdk1.7.0_55\jre\lib\charsets.jar
2015-02-09 15:45:26.902+0000 INFO  [o.n.k.i.DiagnosticsManager]:  [loader.1] file:/C:/Program%20Files%20(x86)/Java/jdk1.7.0_55/jre/lib/ext/zipfs.jar
2015-02-09 15:45:26.902+0000 INFO  [o.n.k.i.DiagnosticsManager]:  [loader.1] file:/C:/Program%20Files%20(x86)/Java/jdk1.7.0_55/jre/lib/ext/sunmscapi.jar
2015-02-09 15:45:26.902+0000 INFO  [o.n.k.i.DiagnosticsManager]:  [bootstrap] C:\Program Files (x86)\Java\jdk1.7.0_55\jre\lib\rt.jar
2015-02-09 15:45:26.902+0000 INFO  [o.n.k.i.DiagnosticsManager]:  [bootstrap] C:\Program Files (x86)\Java\jdk1.7.0_55\jre\lib\jce.jar
2015-02-09 15:45:26.902+0000 INFO  [o.n.k.i.DiagnosticsManager]:  [loader.1] file:/C:/Program%20Files%20(x86)/Java/jdk1.7.0_55/jre/lib/ext/access-bridge-32.jar
2015-02-09 15:45:26.902+0000 INFO  [o.n.k.i.DiagnosticsManager]:  [bootstrap] C:\Program Files (x86)\Java\jdk1.7.0_55\jre\lib\jfr.jar
2015-02-09 15:45:26.903+0000 INFO  [o.n.k.i.DiagnosticsManager]:  [bootstrap] C:\Program Files (x86)\Java\jdk1.7.0_55\jre\lib\jsse.jar
2015-02-09 15:45:26.903+0000 INFO  [o.n.k.i.DiagnosticsManager]: Library path:
2015-02-09 15:45:26.903+0000 INFO  [o.n.k.i.DiagnosticsManager]: C:\ProgramData\Oracle\Java\javapath
2015-02-09 15:45:26.904+0000 INFO  [o.n.k.i.DiagnosticsManager]: C:\Program Files (x86)\NVIDIA Corporation\PhysX\Common
2015-02-09 15:45:26.905+0000 INFO  [o.n.k.i.DiagnosticsManager]: C:\Program Files\NVIDIA GPU Computing Toolkit\CUDA\v6.5\bin
2015-02-09 15:45:26.906+0000 INFO  [o.n.k.i.DiagnosticsManager]: C:\Program Files\NVIDIA GPU Computing Toolkit\CUDA\v6.5\libnvvp
2015-02-09 15:45:26.907+0000 INFO  [o.n.k.i.DiagnosticsManager]: D:\app\Pavle\product\11.2.0\client_1\BIN
2015-02-09 15:45:26.907+0000 INFO  [o.n.k.i.DiagnosticsManager]: C:\Windows\System32
2015-02-09 15:45:26.908+0000 INFO  [o.n.k.i.DiagnosticsManager]: C:\Windows
2015-02-09 15:45:26.908+0000 INFO  [o.n.k.i.DiagnosticsManager]: C:\Windows\System32\wbem
2015-02-09 15:45:26.909+0000 INFO  [o.n.k.i.DiagnosticsManager]: C:\Windows\System32\WindowsPowerShell\v1.0
2015-02-09 15:45:26.909+0000 INFO  [o.n.k.i.DiagnosticsManager]: C:\Program Files\Microsoft\Web Platform Installer
2015-02-09 15:45:26.910+0000 INFO  [o.n.k.i.DiagnosticsManager]: C:\Program Files (x86)\Microsoft ASP.NET\ASP.NET Web Pages\v1.0
2015-02-09 15:45:26.911+0000 INFO  [o.n.k.i.DiagnosticsManager]: C:\Program Files (x86)\Windows Kits\8.0\Windows Performance Toolkit
2015-02-09 15:45:26.911+0000 INFO  [o.n.k.i.DiagnosticsManager]: C:\Program Files\Microsoft SQL Server\110\Tools\Binn
2015-02-09 15:45:26.912+0000 INFO  [o.n.k.i.DiagnosticsManager]: C:\Program Files (x86)\Git\cmd
2015-02-09 15:45:26.912+0000 INFO  [o.n.k.i.DiagnosticsManager]: C:\Program Files (x86)\Microchip\MPLAB C32 Suite\bin
2015-02-09 15:45:26.913+0000 INFO  [o.n.k.i.DiagnosticsManager]: C:\Program Files (x86)\Windows Live\Shared
2015-02-09 15:45:26.913+0000 INFO  [o.n.k.i.DiagnosticsManager]: C:\Program Files (x86)\Graphviz2.38\bin\dot.exe
2015-02-09 15:45:26.913+0000 INFO  [o.n.k.i.DiagnosticsManager]: D:\Personal\Projekti\Graphics programming\ArcSynthesis\Tutorial 0.3.8\premake4.exe
2015-02-09 15:45:26.914+0000 INFO  [o.n.k.i.DiagnosticsManager]: C:\Program Files (x86)\Neo4j Community\bin
2015-02-09 15:45:26.915+0000 INFO  [o.n.k.i.DiagnosticsManager]: C:\Program Files (x86)\Java\jdk1.7.0_55\jre\bin
2015-02-09 15:45:26.915+0000 INFO  [o.n.k.i.DiagnosticsManager]: System.properties:
2015-02-09 15:45:26.915+0000 INFO  [o.n.k.i.DiagnosticsManager]: exe4j.moduleName = C:\Program Files (x86)\Neo4j Community\bin\neo4j-community.exe
2015-02-09 15:45:26.915+0000 INFO  [o.n.k.i.DiagnosticsManager]: exe4j.processCommFile = C:\Users\Pavle\AppData\Local\Temp\e4j_p4896.tmp
2015-02-09 15:45:26.915+0000 INFO  [o.n.k.i.DiagnosticsManager]: exe4j.semaphoreName = Local\c:_program_files_(x86)_neo4j_community_bin_neo4j-community.exe
2015-02-09 15:45:26.915+0000 INFO  [o.n.k.i.DiagnosticsManager]: sun.boot.library.path = c:\program files (x86)\java\jdk1.7.0_55\jre\bin
2015-02-09 15:45:26.915+0000 INFO  [o.n.k.i.DiagnosticsManager]: user.country.format = RS
2015-02-09 15:45:26.915+0000 INFO  [o.n.k.i.DiagnosticsManager]: exe4j.consoleCodepage = cp0
2015-02-09 15:45:26.915+0000 INFO  [o.n.k.i.DiagnosticsManager]: path.separator = ;
2015-02-09 15:45:26.915+0000 INFO  [o.n.k.i.DiagnosticsManager]: file.encoding.pkg = sun.io
2015-02-09 15:45:26.915+0000 INFO  [o.n.k.i.DiagnosticsManager]: user.country = US
2015-02-09 15:45:26.916+0000 INFO  [o.n.k.i.DiagnosticsManager]: user.script = 
2015-02-09 15:45:26.916+0000 INFO  [o.n.k.i.DiagnosticsManager]: sun.os.patch.level = 
2015-02-09 15:45:26.916+0000 INFO  [o.n.k.i.DiagnosticsManager]: install4j.exeDir = C:\Program Files (x86)\Neo4j Community\bin\
2015-02-09 15:45:26.916+0000 INFO  [o.n.k.i.DiagnosticsManager]: user.dir = C:\Program Files (x86)\Neo4j Community\bin
2015-02-09 15:45:26.916+0000 INFO  [o.n.k.i.DiagnosticsManager]: user.script.format = Latn
2015-02-09 15:45:26.916+0000 INFO  [o.n.k.i.DiagnosticsManager]: user.variant = 
2015-02-09 15:45:26.916+0000 INFO  [o.n.k.i.DiagnosticsManager]: exe4j.tempDir = 
2015-02-09 15:45:26.916+0000 INFO  [o.n.k.i.DiagnosticsManager]: sun.jnu.encoding = Cp1250
2015-02-09 15:45:26.916+0000 INFO  [o.n.k.i.DiagnosticsManager]: sun.awt.enableExtraMouseButtons = true
2015-02-09 15:45:26.916+0000 INFO  [o.n.k.i.DiagnosticsManager]: install4j.launcherId = 24
2015-02-09 15:45:26.916+0000 INFO  [o.n.k.i.DiagnosticsManager]: sun.management.compiler = HotSpot Tiered Compilers
2015-02-09 15:45:26.916+0000 INFO  [o.n.k.i.DiagnosticsManager]: exe4j.isInstall4j = true
2015-02-09 15:45:26.916+0000 INFO  [o.n.k.i.DiagnosticsManager]: install4j.swt = false
2015-02-09 15:45:26.916+0000 INFO  [o.n.k.i.DiagnosticsManager]: user.home = C:\Users\Pavle
2015-02-09 15:45:26.916+0000 INFO  [o.n.k.i.DiagnosticsManager]: user.timezone = Europe/Prague
2015-02-09 15:45:26.916+0000 INFO  [o.n.k.i.DiagnosticsManager]: file.encoding = Cp1250
2015-02-09 15:45:26.916+0000 INFO  [o.n.k.i.DiagnosticsManager]: neo4j.ext.udc.launcher = desktop
2015-02-09 15:45:26.916+0000 INFO  [o.n.k.i.DiagnosticsManager]: user.name = Pavle
2015-02-09 15:45:26.916+0000 INFO  [o.n.k.i.DiagnosticsManager]: sun.java.command = C:\Program Files (x86)\Neo4j Community\bin\neo4j-community.exe
2015-02-09 15:45:26.916+0000 INFO  [o.n.k.i.DiagnosticsManager]: sun.arch.data.model = 32
2015-02-09 15:45:26.916+0000 INFO  [o.n.k.i.DiagnosticsManager]: exe4j.launchName = C:\Program Files (x86)\Neo4j Community\bin\neo4j-community.exe
2015-02-09 15:45:26.916+0000 INFO  [o.n.k.i.DiagnosticsManager]: user.language = en
2015-02-09 15:45:26.916+0000 INFO  [o.n.k.i.DiagnosticsManager]: user.language.format = sr
2015-02-09 15:45:26.917+0000 INFO  [o.n.k.i.DiagnosticsManager]: awt.toolkit = sun.awt.windows.WToolkit
2015-02-09 15:45:26.917+0000 INFO  [o.n.k.i.DiagnosticsManager]: exe4j.unextractedPosition = 0
2015-02-09 15:45:26.917+0000 INFO  [o.n.k.i.DiagnosticsManager]: install4j.appDir = C:\Program Files (x86)\Neo4j Community\
2015-02-09 15:45:26.917+0000 INFO  [o.n.k.i.DiagnosticsManager]: file.separator = \
2015-02-09 15:45:26.917+0000 INFO  [o.n.k.i.DiagnosticsManager]: sun.io.unicode.encoding = UnicodeLittle
2015-02-09 15:45:26.917+0000 INFO  [o.n.k.i.DiagnosticsManager]: sun.cpu.endian = little
2015-02-09 15:45:26.917+0000 INFO  [o.n.k.i.DiagnosticsManager]: sun.desktop = windows
2015-02-09 15:45:26.917+0000 INFO  [o.n.k.i.DiagnosticsManager]: sun.cpu.isalist = pentium_pro+mmx pentium_pro pentium+mmx pentium i486 i386 i86
2015-02-09 15:45:26.917+0000 INFO  [o.n.k.i.DiagnosticsManager]: Network information:
2015-02-09 15:45:26.961+0000 INFO  [o.n.k.i.DiagnosticsManager]: Interface Software Loopback Interface 1:
2015-02-09 15:45:26.962+0000 INFO  [o.n.k.i.DiagnosticsManager]:     address: 127.0.0.1
2015-02-09 15:45:26.962+0000 INFO  [o.n.k.i.DiagnosticsManager]:     address: 0:0:0:0:0:0:0:1
2015-02-09 15:45:26.962+0000 INFO  [o.n.k.i.DiagnosticsManager]: Interface Microsoft Kernel Debug Network Adapter:
2015-02-09 15:45:26.962+0000 INFO  [o.n.k.i.DiagnosticsManager]: Interface Realtek PCIe GBE Family Controller:
2015-02-09 15:45:26.962+0000 INFO  [o.n.k.i.DiagnosticsManager]:     address: fe80:0:0:0:9455:d891:20fa:eca3%3
2015-02-09 15:45:26.962+0000 INFO  [o.n.k.i.DiagnosticsManager]: Interface Qualcomm Atheros AR9485WB-EG Wireless Network Adapter:
2015-02-09 15:45:26.962+0000 INFO  [o.n.k.i.DiagnosticsManager]:     address: 192.168.0.11
2015-02-09 15:45:26.962+0000 INFO  [o.n.k.i.DiagnosticsManager]:     address: fe80:0:0:0:a992:df9d:c154:a79%4
2015-02-09 15:45:26.962+0000 INFO  [o.n.k.i.DiagnosticsManager]: Interface Bluetooth Device (Personal Area Network):
2015-02-09 15:45:26.962+0000 INFO  [o.n.k.i.DiagnosticsManager]:     address: fe80:0:0:0:7ca8:f72d:f991:76f3%5
2015-02-09 15:45:26.963+0000 INFO  [o.n.k.i.DiagnosticsManager]: Interface Bluetooth Device (RFCOMM Protocol TDI):
2015-02-09 15:45:26.963+0000 INFO  [o.n.k.i.DiagnosticsManager]: Interface Microsoft Wi-Fi Direct Virtual Adapter:
2015-02-09 15:45:26.963+0000 INFO  [o.n.k.i.DiagnosticsManager]:     address: fe80:0:0:0:c8b7:f5eb:d591:9b9d%7
2015-02-09 15:45:26.963+0000 INFO  [o.n.k.i.DiagnosticsManager]: Interface Teredo Tunneling Pseudo-Interface:
2015-02-09 15:45:26.963+0000 INFO  [o.n.k.i.DiagnosticsManager]:     address: 2001:0:9d38:6abd:343f:399:3f57:fff4
2015-02-09 15:45:26.963+0000 INFO  [o.n.k.i.DiagnosticsManager]:     address: fe80:0:0:0:343f:399:3f57:fff4%8
2015-02-09 15:45:26.963+0000 INFO  [o.n.k.i.DiagnosticsManager]: Interface Microsoft ISATAP Adapter #2:
2015-02-09 15:45:26.963+0000 INFO  [o.n.k.i.DiagnosticsManager]:     address: fe80:0:0:0:0:5efe:c0a8:b%9
2015-02-09 15:45:26.963+0000 INFO  [o.n.k.i.DiagnosticsManager]: Interface Microsoft ISATAP Adapter #5:
2015-02-09 15:45:26.963+0000 INFO  [o.n.k.i.DiagnosticsManager]: Interface Realtek PCIe GBE Family Controller-WFP Native MAC Layer LightWeight Filter-0000:
2015-02-09 15:45:26.963+0000 INFO  [o.n.k.i.DiagnosticsManager]: Interface Realtek PCIe GBE Family Controller-QoS Packet Scheduler-0000:
2015-02-09 15:45:26.964+0000 INFO  [o.n.k.i.DiagnosticsManager]: Interface Realtek PCIe GBE Family Controller-WFP 802.3 MAC Layer LightWeight Filter-0000:
2015-02-09 15:45:26.964+0000 INFO  [o.n.k.i.DiagnosticsManager]: Interface Qualcomm Atheros AR9485WB-EG Wireless Network Adapter-WFP Native MAC Layer LightWeight Filter-0000:
2015-02-09 15:45:26.964+0000 INFO  [o.n.k.i.DiagnosticsManager]: Interface Qualcomm Atheros AR9485WB-EG Wireless Network Adapter-Virtual WiFi Filter Driver-0000:
2015-02-09 15:45:26.964+0000 INFO  [o.n.k.i.DiagnosticsManager]: Interface Qualcomm Atheros AR9485WB-EG Wireless Network Adapter-Native WiFi Filter Driver-0000:
2015-02-09 15:45:26.964+0000 INFO  [o.n.k.i.DiagnosticsManager]: Interface Qualcomm Atheros AR9485WB-EG Wireless Network Adapter-QoS Packet Scheduler-0000:
2015-02-09 15:45:26.964+0000 INFO  [o.n.k.i.DiagnosticsManager]: Interface Qualcomm Atheros AR9485WB-EG Wireless Network Adapter-WFP 802.3 MAC Layer LightWeight Filter-0000:
2015-02-09 15:45:26.964+0000 INFO  [o.n.k.i.DiagnosticsManager]: Interface Microsoft Wi-Fi Direct Virtual Adapter-WFP Native MAC Layer LightWeight Filter-0000:
2015-02-09 15:45:26.964+0000 INFO  [o.n.k.i.DiagnosticsManager]: Interface Microsoft Wi-Fi Direct Virtual Adapter-Native WiFi Filter Driver-0000:
2015-02-09 15:45:26.964+0000 INFO  [o.n.k.i.DiagnosticsManager]: Interface Microsoft Wi-Fi Direct Virtual Adapter-QoS Packet Scheduler-0000:
2015-02-09 15:45:26.964+0000 INFO  [o.n.k.i.DiagnosticsManager]: Interface Microsoft Wi-Fi Direct Virtual Adapter-WFP 802.3 MAC Layer LightWeight Filter-0000:
2015-02-09 15:45:26.965+0000 INFO  [o.n.k.i.DiagnosticsManager]: --- INITIALIZED diagnostics END ---
2015-02-09 15:45:27.077+0000 INFO  [o.n.k.i.n.s.StoreFactory]: Creating new db @ D:\Personal\Fakultet\IV godina\Napredne baze podataka\Projekat\JeeBerryHome3\VeselaJetra\GraphDB\neostore
2015-02-09 15:45:28.287+0000 INFO  [o.n.k.i.n.s.StoreFactory]: [D:\Personal\Fakultet\IV godina\Napredne baze podataka\Projekat\JeeBerryHome3\VeselaJetra\GraphDB\neostore.relationshiptypestore.db.names] brickCount=0 brickSize=0b mappedMem=0b (storeSize=38b)
2015-02-09 15:45:28.288+0000 INFO  [o.n.k.i.n.s.StoreFactory]: [D:\Personal\Fakultet\IV godina\Napredne baze podataka\Projekat\JeeBerryHome3\VeselaJetra\GraphDB\neostore.relationshiptypestore.db] brickCount=0 brickSize=0b mappedMem=0b (storeSize=0b)
2015-02-09 15:45:28.300+0000 INFO  [o.n.k.i.n.s.StoreFactory]: D:\Personal\Fakultet\IV godina\Napredne baze podataka\Projekat\JeeBerryHome3\VeselaJetra\GraphDB\neostore.relationshiptypestore.db.names hit=0 miss=0 switches=0 ooe=0
2015-02-09 15:45:28.402+0000 INFO  [o.n.k.i.n.s.StoreFactory]: D:\Personal\Fakultet\IV godina\Napredne baze podataka\Projekat\JeeBerryHome3\VeselaJetra\GraphDB\neostore.relationshiptypestore.db hit=0 miss=0 switches=0 ooe=0
2015-02-09 15:45:28.826+0000 INFO  [o.n.k.i.n.s.StoreFactory]: [D:\Personal\Fakultet\IV godina\Napredne baze podataka\Projekat\JeeBerryHome3\VeselaJetra\GraphDB\neostore.labeltokenstore.db.names] brickCount=0 brickSize=0b mappedMem=0b (storeSize=38b)
2015-02-09 15:45:28.828+0000 INFO  [o.n.k.i.n.s.StoreFactory]: [D:\Personal\Fakultet\IV godina\Napredne baze podataka\Projekat\JeeBerryHome3\VeselaJetra\GraphDB\neostore.labeltokenstore.db] brickCount=0 brickSize=0b mappedMem=0b (storeSize=0b)
2015-02-09 15:45:28.845+0000 INFO  [o.n.k.i.n.s.StoreFactory]: D:\Personal\Fakultet\IV godina\Napredne baze podataka\Projekat\JeeBerryHome3\VeselaJetra\GraphDB\neostore.labeltokenstore.db.names hit=0 miss=0 switches=0 ooe=0
2015-02-09 15:45:28.947+0000 INFO  [o.n.k.i.n.s.StoreFactory]: D:\Personal\Fakultet\IV godina\Napredne baze podataka\Projekat\JeeBerryHome3\VeselaJetra\GraphDB\neostore.labeltokenstore.db hit=0 miss=0 switches=0 ooe=0
2015-02-09 15:45:29.303+0000 INFO  [o.n.k.i.n.s.StoreFactory]: [D:\Personal\Fakultet\IV godina\Napredne baze podataka\Projekat\JeeBerryHome3\VeselaJetra\GraphDB\neostore.relationshiptypestore.db.names] brickCount=0 brickSize=0b mappedMem=0b (storeSize=38b)
2015-02-09 15:45:29.304+0000 INFO  [o.n.k.i.n.s.StoreFactory]: [D:\Personal\Fakultet\IV godina\Napredne baze podataka\Projekat\JeeBerryHome3\VeselaJetra\GraphDB\neostore.relationshiptypestore.db] brickCount=0 brickSize=0b mappedMem=0b (storeSize=0b)
2015-02-09 15:45:29.305+0000 INFO  [o.n.k.i.n.s.StoreFactory]: [D:\Personal\Fakultet\IV godina\Napredne baze podataka\Projekat\JeeBerryHome3\VeselaJetra\GraphDB\neostore.labeltokenstore.db.names] brickCount=0 brickSize=0b mappedMem=0b (storeSize=38b)
2015-02-09 15:45:29.306+0000 INFO  [o.n.k.i.n.s.StoreFactory]: [D:\Personal\Fakultet\IV godina\Napredne baze podataka\Projekat\JeeBerryHome3\VeselaJetra\GraphDB\neostore.labeltokenstore.db] brickCount=0 brickSize=0b mappedMem=0b (storeSize=0b)
2015-02-09 15:45:29.307+0000 INFO  [o.n.k.i.n.s.StoreFactory]: [D:\Personal\Fakultet\IV godina\Napredne baze podataka\Projekat\JeeBerryHome3\VeselaJetra\GraphDB\neostore.propertystore.db.strings] brickCount=0 brickSize=22016b mappedMem=22020096b (storeSize=128b)
2015-02-09 15:45:29.308+0000 INFO  [o.n.k.i.n.s.StoreFactory]: [D:\Personal\Fakultet\IV godina\Napredne baze podataka\Projekat\JeeBerryHome3\VeselaJetra\GraphDB\neostore.propertystore.db.index.keys] brickCount=0 brickSize=0b mappedMem=0b (storeSize=38b)
2015-02-09 15:45:29.309+0000 INFO  [o.n.k.i.n.s.StoreFactory]: [D:\Personal\Fakultet\IV godina\Napredne baze podataka\Projekat\JeeBerryHome3\VeselaJetra\GraphDB\neostore.propertystore.db.index] brickCount=0 brickSize=0b mappedMem=0b (storeSize=0b)
2015-02-09 15:45:29.310+0000 INFO  [o.n.k.i.n.s.StoreFactory]: [D:\Personal\Fakultet\IV godina\Napredne baze podataka\Projekat\JeeBerryHome3\VeselaJetra\GraphDB\neostore.propertystore.db.arrays] brickCount=0 brickSize=25088b mappedMem=25165824b (storeSize=128b)
2015-02-09 15:45:29.313+0000 INFO  [o.n.k.i.n.s.StoreFactory]: [D:\Personal\Fakultet\IV godina\Napredne baze podataka\Projekat\JeeBerryHome3\VeselaJetra\GraphDB\neostore.propertystore.db] brickCount=0 brickSize=251658b mappedMem=25165824b (storeSize=0b)
2015-02-09 15:45:29.316+0000 INFO  [o.n.k.i.n.s.StoreFactory]: [D:\Personal\Fakultet\IV godina\Napredne baze podataka\Projekat\JeeBerryHome3\VeselaJetra\GraphDB\neostore.relationshipstore.db] brickCount=0 brickSize=293590b mappedMem=29360128b (storeSize=0b)
2015-02-09 15:45:29.317+0000 INFO  [o.n.k.i.n.s.StoreFactory]: [D:\Personal\Fakultet\IV godina\Napredne baze podataka\Projekat\JeeBerryHome3\VeselaJetra\GraphDB\neostore.nodestore.db.labels] brickCount=0 brickSize=0b mappedMem=0b (storeSize=68b)
2015-02-09 15:45:29.319+0000 INFO  [o.n.k.i.n.s.StoreFactory]: [D:\Personal\Fakultet\IV godina\Napredne baze podataka\Projekat\JeeBerryHome3\VeselaJetra\GraphDB\neostore.nodestore.db] brickCount=0 brickSize=62910b mappedMem=6291456b (storeSize=0b)
2015-02-09 15:45:29.320+0000 INFO  [o.n.k.i.n.s.StoreFactory]: [D:\Personal\Fakultet\IV godina\Napredne baze podataka\Projekat\JeeBerryHome3\VeselaJetra\GraphDB\neostore.schemastore.db] brickCount=0 brickSize=0b mappedMem=0b (storeSize=64b)
2015-02-09 15:45:29.322+0000 INFO  [o.n.k.i.n.s.StoreFactory]: [D:\Personal\Fakultet\IV godina\Napredne baze podataka\Projekat\JeeBerryHome3\VeselaJetra\GraphDB\neostore.relationshipgroupstore.db] brickCount=0 brickSize=0b mappedMem=0b (storeSize=25b)
2015-02-09 15:45:29.325+0000 INFO  [o.n.k.i.n.s.StoreFactory]: [D:\Personal\Fakultet\IV godina\Napredne baze podataka\Projekat\JeeBerryHome3\VeselaJetra\GraphDB\neostore] brickCount=0 brickSize=0b mappedMem=0b (storeSize=0b)
2015-02-09 15:45:29.345+0000 INFO  [o.n.k.i.n.s.StoreFactory]: D:\Personal\Fakultet\IV godina\Napredne baze podataka\Projekat\JeeBerryHome3\VeselaJetra\GraphDB\neostore.relationshiptypestore.db.names hit=0 miss=0 switches=0 ooe=0
2015-02-09 15:45:29.458+0000 INFO  [o.n.k.i.n.s.StoreFactory]: D:\Personal\Fakultet\IV godina\Napredne baze podataka\Projekat\JeeBerryHome3\VeselaJetra\GraphDB\neostore.relationshiptypestore.db hit=0 miss=0 switches=0 ooe=0
2015-02-09 15:45:29.569+0000 INFO  [o.n.k.i.n.s.StoreFactory]: D:\Personal\Fakultet\IV godina\Napredne baze podataka\Projekat\JeeBerryHome3\VeselaJetra\GraphDB\neostore.labeltokenstore.db.names hit=0 miss=0 switches=0 ooe=0
2015-02-09 15:45:29.714+0000 INFO  [o.n.k.i.n.s.StoreFactory]: D:\Personal\Fakultet\IV godina\Napredne baze podataka\Projekat\JeeBerryHome3\VeselaJetra\GraphDB\neostore.labeltokenstore.db hit=0 miss=0 switches=0 ooe=0
2015-02-09 15:45:29.824+0000 INFO  [o.n.k.i.n.s.StoreFactory]: D:\Personal\Fakultet\IV godina\Napredne baze podataka\Projekat\JeeBerryHome3\VeselaJetra\GraphDB\neostore.propertystore.db.strings hit=0 miss=0 switches=0 ooe=0
2015-02-09 15:45:29.935+0000 INFO  [o.n.k.i.n.s.StoreFactory]: D:\Personal\Fakultet\IV godina\Napredne baze podataka\Projekat\JeeBerryHome3\VeselaJetra\GraphDB\neostore.propertystore.db.index.keys hit=0 miss=0 switches=0 ooe=0
2015-02-09 15:45:30.035+0000 INFO  [o.n.k.i.n.s.StoreFactory]: D:\Personal\Fakultet\IV godina\Napredne baze podataka\Projekat\JeeBerryHome3\VeselaJetra\GraphDB\neostore.propertystore.db.index hit=0 miss=0 switches=0 ooe=0
2015-02-09 15:45:30.235+0000 INFO  [o.n.k.i.n.s.StoreFactory]: D:\Personal\Fakultet\IV godina\Napredne baze podataka\Projekat\JeeBerryHome3\VeselaJetra\GraphDB\neostore.propertystore.db.arrays hit=0 miss=0 switches=0 ooe=0
2015-02-09 15:45:30.335+0000 INFO  [o.n.k.i.n.s.StoreFactory]: D:\Personal\Fakultet\IV godina\Napredne baze podataka\Projekat\JeeBerryHome3\VeselaJetra\GraphDB\neostore.propertystore.db hit=0 miss=0 switches=0 ooe=0
2015-02-09 15:45:30.435+0000 INFO  [o.n.k.i.n.s.StoreFactory]: D:\Personal\Fakultet\IV godina\Napredne baze podataka\Projekat\JeeBerryHome3\VeselaJetra\GraphDB\neostore.relationshipstore.db hit=0 miss=0 switches=0 ooe=0
2015-02-09 15:45:30.656+0000 INFO  [o.n.k.i.n.s.StoreFactory]: D:\Personal\Fakultet\IV godina\Napredne baze podataka\Projekat\JeeBerryHome3\VeselaJetra\GraphDB\neostore.nodestore.db.labels hit=0 miss=0 switches=0 ooe=0
2015-02-09 15:45:30.780+0000 INFO  [o.n.k.i.n.s.StoreFactory]: D:\Personal\Fakultet\IV godina\Napredne baze podataka\Projekat\JeeBerryHome3\VeselaJetra\GraphDB\neostore.nodestore.db hit=0 miss=0 switches=0 ooe=0
2015-02-09 15:45:30.891+0000 INFO  [o.n.k.i.n.s.StoreFactory]: D:\Personal\Fakultet\IV godina\Napredne baze podataka\Projekat\JeeBerryHome3\VeselaJetra\GraphDB\neostore.schemastore.db hit=0 miss=0 switches=0 ooe=0
2015-02-09 15:45:31.002+0000 INFO  [o.n.k.i.n.s.StoreFactory]: D:\Personal\Fakultet\IV godina\Napredne baze podataka\Projekat\JeeBerryHome3\VeselaJetra\GraphDB\neostore.relationshipgroupstore.db hit=0 miss=0 switches=0 ooe=0
2015-02-09 15:45:31.125+0000 INFO  [o.n.k.i.n.s.StoreFactory]: D:\Personal\Fakultet\IV godina\Napredne baze podataka\Projekat\JeeBerryHome3\VeselaJetra\GraphDB\neostore hit=0 miss=10 switches=0 ooe=0
2015-02-09 15:45:31.220+0000 INFO  [o.n.k.i.n.s.StoreFactory]: [D:\Personal\Fakultet\IV godina\Napredne baze podataka\Projekat\JeeBerryHome3\VeselaJetra\GraphDB\neostore.relationshiptypestore.db.names] brickCount=0 brickSize=0b mappedMem=0b (storeSize=38b)
2015-02-09 15:45:31.221+0000 INFO  [o.n.k.i.n.s.StoreFactory]: [D:\Personal\Fakultet\IV godina\Napredne baze podataka\Projekat\JeeBerryHome3\VeselaJetra\GraphDB\neostore.relationshiptypestore.db] brickCount=0 brickSize=0b mappedMem=0b (storeSize=0b)
2015-02-09 15:45:31.222+0000 INFO  [o.n.k.i.n.s.StoreFactory]: [D:\Personal\Fakultet\IV godina\Napredne baze podataka\Projekat\JeeBerryHome3\VeselaJetra\GraphDB\neostore.labeltokenstore.db.names] brickCount=0 brickSize=0b mappedMem=0b (storeSize=38b)
2015-02-09 15:45:31.222+0000 INFO  [o.n.k.i.n.s.StoreFactory]: [D:\Personal\Fakultet\IV godina\Napredne baze podataka\Projekat\JeeBerryHome3\VeselaJetra\GraphDB\neostore.labeltokenstore.db] brickCount=0 brickSize=0b mappedMem=0b (storeSize=0b)
2015-02-09 15:45:31.223+0000 INFO  [o.n.k.i.n.s.StoreFactory]: [D:\Personal\Fakultet\IV godina\Napredne baze podataka\Projekat\JeeBerryHome3\VeselaJetra\GraphDB\neostore.propertystore.db.strings] brickCount=0 brickSize=22016b mappedMem=22020096b (storeSize=128b)
2015-02-09 15:45:31.224+0000 INFO  [o.n.k.i.n.s.StoreFactory]: [D:\Personal\Fakultet\IV godina\Napredne baze podataka\Projekat\JeeBerryHome3\VeselaJetra\GraphDB\neostore.propertystore.db.index.keys] brickCount=0 brickSize=0b mappedMem=0b (storeSize=38b)
2015-02-09 15:45:31.224+0000 INFO  [o.n.k.i.n.s.StoreFactory]: [D:\Personal\Fakultet\IV godina\Napredne baze podataka\Projekat\JeeBerryHome3\VeselaJetra\GraphDB\neostore.propertystore.db.index] brickCount=0 brickSize=0b mappedMem=0b (storeSize=0b)
2015-02-09 15:45:31.225+0000 INFO  [o.n.k.i.n.s.StoreFactory]: [D:\Personal\Fakultet\IV godina\Napredne baze podataka\Projekat\JeeBerryHome3\VeselaJetra\GraphDB\neostore.propertystore.db.arrays] brickCount=0 brickSize=25088b mappedMem=25165824b (storeSize=128b)
2015-02-09 15:45:31.226+0000 INFO  [o.n.k.i.n.s.StoreFactory]: [D:\Personal\Fakultet\IV godina\Napredne baze podataka\Projekat\JeeBerryHome3\VeselaJetra\GraphDB\neostore.propertystore.db] brickCount=0 brickSize=251658b mappedMem=25165824b (storeSize=0b)
2015-02-09 15:45:31.226+0000 INFO  [o.n.k.i.n.s.StoreFactory]: [D:\Personal\Fakultet\IV godina\Napredne baze podataka\Projekat\JeeBerryHome3\VeselaJetra\GraphDB\neostore.relationshipstore.db] brickCount=0 brickSize=293590b mappedMem=29360128b (storeSize=0b)
2015-02-09 15:45:31.227+0000 INFO  [o.n.k.i.n.s.StoreFactory]: [D:\Personal\Fakultet\IV godina\Napredne baze podataka\Projekat\JeeBerryHome3\VeselaJetra\GraphDB\neostore.nodestore.db.labels] brickCount=0 brickSize=0b mappedMem=0b (storeSize=68b)
2015-02-09 15:45:31.228+0000 INFO  [o.n.k.i.n.s.StoreFactory]: [D:\Personal\Fakultet\IV godina\Napredne baze podataka\Projekat\JeeBerryHome3\VeselaJetra\GraphDB\neostore.nodestore.db] brickCount=0 brickSize=62910b mappedMem=6291456b (storeSize=0b)
2015-02-09 15:45:31.228+0000 INFO  [o.n.k.i.n.s.StoreFactory]: [D:\Personal\Fakultet\IV godina\Napredne baze podataka\Projekat\JeeBerryHome3\VeselaJetra\GraphDB\neostore.schemastore.db] brickCount=0 brickSize=0b mappedMem=0b (storeSize=64b)
2015-02-09 15:45:31.229+0000 INFO  [o.n.k.i.n.s.StoreFactory]: [D:\Personal\Fakultet\IV godina\Napredne baze podataka\Projekat\JeeBerryHome3\VeselaJetra\GraphDB\neostore.relationshipgroupstore.db] brickCount=0 brickSize=0b mappedMem=0b (storeSize=25b)
2015-02-09 15:45:31.230+0000 INFO  [o.n.k.i.n.s.StoreFactory]: [D:\Personal\Fakultet\IV godina\Napredne baze podataka\Projekat\JeeBerryHome3\VeselaJetra\GraphDB\neostore] brickCount=0 brickSize=0b mappedMem=0b (storeSize=81b)
2015-02-09 15:45:31.307+0000 INFO  [o.n.k.a.i.i.LuceneLabelScanStore]: No lucene scan store index found, this might just be first use. Preparing to rebuild.
2015-02-09 15:45:31.335+0000 INFO  [o.n.k.a.i.i.LuceneLabelScanStore]: No lucene scan store index found, this might just be first use. Preparing to rebuild.
2015-02-09 15:45:31.430+0000 INFO  [o.n.k.i.t.x.XaLogicalLog]: Opened logical log [D:\Personal\Fakultet\IV godina\Napredne baze podataka\Projekat\JeeBerryHome3\VeselaJetra\GraphDB\nioneo_logical.log.1] version=0, lastTxId=1 (clean)
2015-02-09 15:45:31.470+0000 INFO  [o.n.k.a.i.i.LuceneLabelScanStore]: Rebuilding lucene scan store, this may take a while
2015-02-09 15:45:31.471+0000 INFO  [o.n.k.a.i.i.LuceneLabelScanStore]: Lucene scan store rebuilt (roughly -1 nodes)
2015-02-09 15:45:31.475+0000 INFO  [o.n.k.i.t.TxManager]: TM new log: tm_tx_log.1
2015-02-09 15:45:31.506+0000 INFO  [o.n.k.i.t.KernelHealth]: Kernel health set to OK
2015-02-09 15:45:32.783+0000 INFO  [o.n.k.i.t.x.XaLogicalLog]: Opened logical log [D:\Personal\Fakultet\IV godina\Napredne baze podataka\Projekat\JeeBerryHome3\VeselaJetra\GraphDB\index\lucene.log.1] version=0, lastTxId=1 (clean)
2015-02-09 15:45:32.816+0000 INFO  [o.n.k.i.DiagnosticsManager]: --- STARTED diagnostics for KernelDiagnostics:Versions START ---
2015-02-09 15:45:32.817+0000 INFO  [o.n.k.i.DiagnosticsManager]: Graph Database: org.neo4j.kernel.EmbeddedGraphDatabase StoreId{creationTime=1423496727081, randomId=6432363180691599901, storeVersion=14406081294923270, upgradeTime=1423496727081, upgradeId=6432363180691599901}
2015-02-09 15:45:32.817+0000 INFO  [o.n.k.i.DiagnosticsManager]: Kernel version: Neo4j Desktop (neo4j-desktop), version: 2.1.7
2015-02-09 15:45:32.817+0000 INFO  [o.n.k.i.DiagnosticsManager]: Neo4j component versions:
2015-02-09 15:45:32.819+0000 INFO  [o.n.k.i.DiagnosticsManager]:   Neo4j Desktop (neo4j-jmx), version: 2.1.7; revision: 2.1.7:2.1-maint:649/ed233fc1087f4549d1956b8ec4a504fe2f13a446
2015-02-09 15:45:32.819+0000 INFO  [o.n.k.i.DiagnosticsManager]:   Neo4j Desktop (neo4j-lucene-index), version: 2.1.7; revision: 2.1.7:2.1-maint:649/ed233fc1087f4549d1956b8ec4a504fe2f13a446
2015-02-09 15:45:32.819+0000 INFO  [o.n.k.i.DiagnosticsManager]:   Neo4j Desktop (neo4j-graph-matching), version: 2.1.7; revision: 2.1.7:2.1-maint:649/ed233fc1087f4549d1956b8ec4a504fe2f13a446
2015-02-09 15:45:32.819+0000 INFO  [o.n.k.i.DiagnosticsManager]:   Neo4j Desktop (neo4j-cypher-compiler-2.1), version: 2.1.7; revision: 2.1.7:2.1-maint:649/ed233fc1087f4549d1956b8ec4a504fe2f13a446
2015-02-09 15:45:32.819+0000 INFO  [o.n.k.i.DiagnosticsManager]:   Neo4j Desktop (server-api), version: 2.1.7; revision: 2.1.7:2.1-maint:649/ed233fc1087f4549d1956b8ec4a504fe2f13a446
2015-02-09 15:45:32.819+0000 INFO  [o.n.k.i.DiagnosticsManager]:   Neo4j Desktop (neo4j-cypher), version: 2.1.7; revision: 2.1.7:2.1-maint:649/ed233fc1087f4549d1956b8ec4a504fe2f13a446
2015-02-09 15:45:32.819+0000 INFO  [o.n.k.i.DiagnosticsManager]:   Neo4j Desktop (neo4j-desktop), version: 2.1.7; revision: 2.1.7:2.1-maint:649/ed233fc1087f4549d1956b8ec4a504fe2f13a446
2015-02-09 15:45:32.819+0000 INFO  [o.n.k.i.DiagnosticsManager]:   Neo4j Desktop (neo4j-server), version: 2.1.7; revision: 2.1.7:2.1-maint:649/ed233fc1087f4549d1956b8ec4a504fe2f13a446
2015-02-09 15:45:32.819+0000 INFO  [o.n.k.i.DiagnosticsManager]:   Neo4j Desktop (neo4j-cypher-compiler-2.0), version: 2.1.7; revision: 2.0.3:2.0-maint:72/307c563c11b75fdc71cfa6df05daf9b08d6c37dc
2015-02-09 15:45:32.819+0000 INFO  [o.n.k.i.DiagnosticsManager]:   Neo4j Desktop (neo4j-graph-algo), version: 2.1.7; revision: 2.1.7:2.1-maint:649/ed233fc1087f4549d1956b8ec4a504fe2f13a446
2015-02-09 15:45:32.819+0000 INFO  [o.n.k.i.DiagnosticsManager]:   Neo4j Desktop (neo4j-shell), version: 2.1.7; revision: 2.1.7:2.1-maint:649/ed233fc1087f4549d1956b8ec4a504fe2f13a446
2015-02-09 15:45:32.819+0000 INFO  [o.n.k.i.DiagnosticsManager]:   Neo4j Desktop (neo4j-cypher-compiler-1.9), version: 2.1.7; revision: 2.0.3:2.0-maint:72/307c563c11b75fdc71cfa6df05daf9b08d6c37dc
2015-02-09 15:45:32.819+0000 INFO  [o.n.k.i.DiagnosticsManager]:   Neo4j Desktop (neo4j-udc), version: 2.1.7; revision: 2.1.7:2.1-maint:649/ed233fc1087f4549d1956b8ec4a504fe2f13a446
2015-02-09 15:45:32.819+0000 INFO  [o.n.k.i.DiagnosticsManager]:   Neo4j Desktop (neo4j-cypher-commons), version: 2.1.7; revision: 2.1.7:2.1-maint:649/ed233fc1087f4549d1956b8ec4a504fe2f13a446
2015-02-09 15:45:32.820+0000 INFO  [o.n.k.i.DiagnosticsManager]: --- STARTED diagnostics for KernelDiagnostics:Versions END ---
2015-02-09 15:45:32.821+0000 INFO  [o.n.k.i.DiagnosticsManager]: --- STARTED diagnostics for NEO_STORE_VERSIONS START ---
2015-02-09 15:45:32.822+0000 INFO  [o.n.k.i.DiagnosticsManager]: Store versions:
2015-02-09 15:45:32.822+0000 INFO  [o.n.k.i.DiagnosticsManager]: Store versions:
2015-02-09 15:45:32.822+0000 INFO  [o.n.k.i.DiagnosticsManager]:   NeoStore v0.A.3
2015-02-09 15:45:32.822+0000 INFO  [o.n.k.i.DiagnosticsManager]:   SchemaStore v0.A.3
2015-02-09 15:45:32.822+0000 INFO  [o.n.k.i.DiagnosticsManager]:   NodeStore v0.A.3
2015-02-09 15:45:32.822+0000 INFO  [o.n.k.i.DiagnosticsManager]:   RelationshipStore v0.A.3
2015-02-09 15:45:32.822+0000 INFO  [o.n.k.i.DiagnosticsManager]:   RelationshipTypeStore v0.A.3
2015-02-09 15:45:32.822+0000 INFO  [o.n.k.i.DiagnosticsManager]:   LabelTokenStore v0.A.3
2015-02-09 15:45:32.822+0000 INFO  [o.n.k.i.DiagnosticsManager]:   PropertyStore v0.A.3
2015-02-09 15:45:32.822+0000 INFO  [o.n.k.i.DiagnosticsManager]:   PropertyIndexStore v0.A.3
2015-02-09 15:45:32.822+0000 INFO  [o.n.k.i.DiagnosticsManager]:   StringPropertyStore v0.A.3
2015-02-09 15:45:32.822+0000 INFO  [o.n.k.i.DiagnosticsManager]:   ArrayPropertyStore v0.A.3
2015-02-09 15:45:32.823+0000 INFO  [o.n.k.i.DiagnosticsManager]:   RelationshipGroupStore v0.A.3
2015-02-09 15:45:32.823+0000 INFO  [o.n.k.i.DiagnosticsManager]: --- STARTED diagnostics for NEO_STORE_VERSIONS END ---
2015-02-09 15:45:32.823+0000 INFO  [o.n.k.i.DiagnosticsManager]: --- STARTED diagnostics for NEO_STORE_ID_USAGE START ---
2015-02-09 15:45:32.823+0000 INFO  [o.n.k.i.DiagnosticsManager]: Id usage:
2015-02-09 15:45:32.823+0000 INFO  [o.n.k.i.DiagnosticsManager]: Id usage:
2015-02-09 15:45:32.823+0000 INFO  [o.n.k.i.DiagnosticsManager]:   SchemaStore: used=1 high=0
2015-02-09 15:45:32.823+0000 INFO  [o.n.k.i.DiagnosticsManager]:   NodeStore: used=0 high=-1
2015-02-09 15:45:32.823+0000 INFO  [o.n.k.i.DiagnosticsManager]:   RelationshipStore: used=0 high=-1
2015-02-09 15:45:32.823+0000 INFO  [o.n.k.i.DiagnosticsManager]:   RelationshipTypeStore: used=0 high=-1
2015-02-09 15:45:32.823+0000 INFO  [o.n.k.i.DiagnosticsManager]:   LabelTokenStore: used=0 high=-1
2015-02-09 15:45:32.824+0000 INFO  [o.n.k.i.DiagnosticsManager]:   PropertyStore: used=0 high=-1
2015-02-09 15:45:32.824+0000 INFO  [o.n.k.i.DiagnosticsManager]:   PropertyIndexStore: used=0 high=-1
2015-02-09 15:45:32.824+0000 INFO  [o.n.k.i.DiagnosticsManager]:   StringPropertyStore: used=1 high=0
2015-02-09 15:45:32.824+0000 INFO  [o.n.k.i.DiagnosticsManager]:   ArrayPropertyStore: used=1 high=0
2015-02-09 15:45:32.824+0000 INFO  [o.n.k.i.DiagnosticsManager]:   RelationshipGroupStore: used=1 high=0
2015-02-09 15:45:32.824+0000 INFO  [o.n.k.i.DiagnosticsManager]: --- STARTED diagnostics for NEO_STORE_ID_USAGE END ---
2015-02-09 15:45:32.824+0000 INFO  [o.n.k.i.DiagnosticsManager]: --- STARTED diagnostics for PERSISTENCE_WINDOW_POOL_STATS START ---
2015-02-09 15:45:32.824+0000 INFO  [o.n.k.i.DiagnosticsManager]: --- STARTED diagnostics for PERSISTENCE_WINDOW_POOL_STATS END ---
2015-02-09 15:45:32.825+0000 INFO  [o.n.k.i.DiagnosticsManager]: --- STARTED diagnostics for KernelDiagnostics:StoreFiles START ---
2015-02-09 15:45:32.830+0000 INFO  [o.n.k.i.DiagnosticsManager]: Disk space on partition (Total / Free / Free %): 395249184768 / 291560075264 / 73
Storage files: (filename : modification date - size)
2015-02-09 15:45:32.832+0000 INFO  [o.n.k.i.DiagnosticsManager]:   active_tx_log: 2015-02-09T16:45:31+0100 - 11.00 B
2015-02-09 15:45:32.832+0000 INFO  [o.n.k.i.DiagnosticsManager]:   index:
2015-02-09 15:45:32.832+0000 INFO  [o.n.k.i.DiagnosticsManager]:     lucene-store.db: 2015-02-09T16:45:32+0100 - 40.00 B
2015-02-09 15:45:32.833+0000 INFO  [o.n.k.i.DiagnosticsManager]:     lucene.log.1: 2015-02-09T16:45:32+0100 - 16.00 B
2015-02-09 15:45:32.833+0000 INFO  [o.n.k.i.DiagnosticsManager]:     lucene.log.active: 2015-02-09T16:45:32+0100 - 4.00 B
2015-02-09 15:45:32.834+0000 INFO  [o.n.k.i.DiagnosticsManager]:   - Total: 2015-02-09T16:45:32+0100 - 60.00 B
2015-02-09 15:45:32.834+0000 INFO  [o.n.k.i.DiagnosticsManager]:   lock: 2015-02-09T16:45:27+0100 - 0.00 B
2015-02-09 15:45:32.834+0000 INFO  [o.n.k.i.DiagnosticsManager]:   messages.log: 2015-02-09T16:45:26+0100 - 41.78 kB
2015-02-09 15:45:32.835+0000 INFO  [o.n.k.i.DiagnosticsManager]:   neo4j.properties: 2015-02-09T16:45:26+0100 - 1.14 kB
2015-02-09 15:45:32.835+0000 INFO  [o.n.k.i.DiagnosticsManager]:   neostore: 2015-02-09T16:45:31+0100 - 81.00 B
2015-02-09 15:45:32.836+0000 INFO  [o.n.k.i.DiagnosticsManager]:   neostore.id: 2015-02-09T16:45:31+0100 - 9.00 B
2015-02-09 15:45:32.836+0000 INFO  [o.n.k.i.DiagnosticsManager]:   neostore.labeltokenstore.db: 2015-02-09T16:45:31+0100 - 0.00 B
2015-02-09 15:45:32.836+0000 INFO  [o.n.k.i.DiagnosticsManager]:   neostore.labeltokenstore.db.id: 2015-02-09T16:45:29+0100 - 9.00 B
2015-02-09 15:45:32.837+0000 INFO  [o.n.k.i.DiagnosticsManager]:   neostore.labeltokenstore.db.names: 2015-02-09T16:45:31+0100 - 38.00 B
2015-02-09 15:45:32.837+0000 INFO  [o.n.k.i.DiagnosticsManager]:   neostore.labeltokenstore.db.names.id: 2015-02-09T16:45:29+0100 - 9.00 B
2015-02-09 15:45:32.838+0000 INFO  [o.n.k.i.DiagnosticsManager]:   neostore.nodestore.db: 2015-02-09T16:45:31+0100 - 0.00 B
2015-02-09 15:45:32.838+0000 INFO  [o.n.k.i.DiagnosticsManager]:   neostore.nodestore.db.id: 2015-02-09T16:45:30+0100 - 9.00 B
2015-02-09 15:45:32.838+0000 INFO  [o.n.k.i.DiagnosticsManager]:   neostore.nodestore.db.labels: 2015-02-09T16:45:31+0100 - 68.00 B
2015-02-09 15:45:32.839+0000 INFO  [o.n.k.i.DiagnosticsManager]:   neostore.nodestore.db.labels.id: 2015-02-09T16:45:30+0100 - 9.00 B
2015-02-09 15:45:32.839+0000 INFO  [o.n.k.i.DiagnosticsManager]:   neostore.propertystore.db: 2015-02-09T16:45:31+0100 - 0.00 B
2015-02-09 15:45:32.839+0000 INFO  [o.n.k.i.DiagnosticsManager]:   neostore.propertystore.db.arrays: 2015-02-09T16:45:31+0100 - 128.00 B
2015-02-09 15:45:32.840+0000 INFO  [o.n.k.i.DiagnosticsManager]:   neostore.propertystore.db.arrays.id: 2015-02-09T16:45:30+0100 - 9.00 B
2015-02-09 15:45:32.840+0000 INFO  [o.n.k.i.DiagnosticsManager]:   neostore.propertystore.db.id: 2015-02-09T16:45:30+0100 - 9.00 B
2015-02-09 15:45:32.841+0000 INFO  [o.n.k.i.DiagnosticsManager]:   neostore.propertystore.db.index: 2015-02-09T16:45:31+0100 - 0.00 B
2015-02-09 15:45:32.841+0000 INFO  [o.n.k.i.DiagnosticsManager]:   neostore.propertystore.db.index.id: 2015-02-09T16:45:30+0100 - 9.00 B
2015-02-09 15:45:32.841+0000 INFO  [o.n.k.i.DiagnosticsManager]:   neostore.propertystore.db.index.keys: 2015-02-09T16:45:31+0100 - 38.00 B
2015-02-09 15:45:32.842+0000 INFO  [o.n.k.i.DiagnosticsManager]:   neostore.propertystore.db.index.keys.id: 2015-02-09T16:45:29+0100 - 9.00 B
2015-02-09 15:45:32.842+0000 INFO  [o.n.k.i.DiagnosticsManager]:   neostore.propertystore.db.strings: 2015-02-09T16:45:31+0100 - 128.00 B
2015-02-09 15:45:32.842+0000 INFO  [o.n.k.i.DiagnosticsManager]:   neostore.propertystore.db.strings.id: 2015-02-09T16:45:29+0100 - 9.00 B
2015-02-09 15:45:32.843+0000 INFO  [o.n.k.i.DiagnosticsManager]:   neostore.relationshipgroupstore.db: 2015-02-09T16:45:31+0100 - 25.00 B
2015-02-09 15:45:32.843+0000 INFO  [o.n.k.i.DiagnosticsManager]:   neostore.relationshipgroupstore.db.id: 2015-02-09T16:45:31+0100 - 9.00 B
2015-02-09 15:45:32.844+0000 INFO  [o.n.k.i.DiagnosticsManager]:   neostore.relationshipstore.db: 2015-02-09T16:45:31+0100 - 0.00 B
2015-02-09 15:45:32.844+0000 INFO  [o.n.k.i.DiagnosticsManager]:   neostore.relationshipstore.db.id: 2015-02-09T16:45:30+0100 - 9.00 B
2015-02-09 15:45:32.844+0000 INFO  [o.n.k.i.DiagnosticsManager]:   neostore.relationshiptypestore.db: 2015-02-09T16:45:31+0100 - 0.00 B
2015-02-09 15:45:32.845+0000 INFO  [o.n.k.i.DiagnosticsManager]:   neostore.relationshiptypestore.db.id: 2015-02-09T16:45:29+0100 - 9.00 B
2015-02-09 15:45:32.845+0000 INFO  [o.n.k.i.DiagnosticsManager]:   neostore.relationshiptypestore.db.names: 2015-02-09T16:45:31+0100 - 38.00 B
2015-02-09 15:45:32.846+0000 INFO  [o.n.k.i.DiagnosticsManager]:   neostore.relationshiptypestore.db.names.id: 2015-02-09T16:45:29+0100 - 9.00 B
2015-02-09 15:45:32.846+0000 INFO  [o.n.k.i.DiagnosticsManager]:   neostore.schemastore.db: 2015-02-09T16:45:31+0100 - 64.00 B
2015-02-09 15:45:32.847+0000 INFO  [o.n.k.i.DiagnosticsManager]:   neostore.schemastore.db.id: 2015-02-09T16:45:30+0100 - 9.00 B
2015-02-09 15:45:32.847+0000 INFO  [o.n.k.i.DiagnosticsManager]:   nioneo_logical.log.1: 2015-02-09T16:45:31+0100 - 16.00 B
2015-02-09 15:45:32.848+0000 INFO  [o.n.k.i.DiagnosticsManager]:   nioneo_logical.log.active: 2015-02-09T16:45:31+0100 - 4.00 B
2015-02-09 15:45:32.848+0000 INFO  [o.n.k.i.DiagnosticsManager]:   schema:
2015-02-09 15:45:32.848+0000 INFO  [o.n.k.i.DiagnosticsManager]:     label:
2015-02-09 15:45:32.848+0000 INFO  [o.n.k.i.DiagnosticsManager]:       lucene:
2015-02-09 15:45:32.849+0000 INFO  [o.n.k.i.DiagnosticsManager]:         write.lock: 2015-02-09T16:45:31+0100 - 0.00 B
2015-02-09 15:45:32.849+0000 INFO  [o.n.k.i.DiagnosticsManager]:       - Total: 2015-02-09T16:45:31+0100 - 0.00 B
2015-02-09 15:45:32.849+0000 INFO  [o.n.k.i.DiagnosticsManager]:     - Total: 2015-02-09T16:45:31+0100 - 0.00 B
2015-02-09 15:45:32.850+0000 INFO  [o.n.k.i.DiagnosticsManager]:   - Total: 2015-02-09T16:45:31+0100 - 0.00 B
2015-02-09 15:45:32.850+0000 INFO  [o.n.k.i.DiagnosticsManager]:   store_lock: 2015-02-09T16:45:27+0100 - 0.00 B
2015-02-09 15:45:32.850+0000 INFO  [o.n.k.i.DiagnosticsManager]:   tm_tx_log.1: 2015-02-09T16:45:31+0100 - 0.00 B
2015-02-09 15:45:32.850+0000 INFO  [o.n.k.i.DiagnosticsManager]: --- STARTED diagnostics for KernelDiagnostics:StoreFiles END ---
2015-02-09 15:45:32.900+0000 INFO  [o.n.k.EmbeddedGraphDatabase]: Database is now ready
2015-02-09 15:45:33.331+0000 INFO  [o.n.s.d.LifecycleManagingDatabase]: Successfully started database
2015-02-09 15:45:33.332+0000 INFO  [o.n.k.i.DiagnosticsManager]: --- SERVER STARTED START ---
2015-02-09 15:45:33.399+0000 INFO  [o.n.s.CommunityNeoServer]: Starting HTTP on port :7474 with 40 threads available
2015-02-09 15:45:33.591+0000 INFO  [o.n.k.i.DiagnosticsManager]: --- STARTED diagnostics for org.neo4j.server.configuration.Configurator START ---
2015-02-09 15:45:33.592+0000 INFO  [o.n.k.i.DiagnosticsManager]: Server configuration:
2015-02-09 15:45:33.593+0000 INFO  [o.n.k.i.DiagnosticsManager]: org.neo4j.server.db.tuning.properties = D:\Personal\Fakultet\IV godina\Napredne baze podataka\Projekat\JeeBerryHome3\VeselaJetra\GraphDB\neo4j.properties
2015-02-09 15:45:33.593+0000 INFO  [o.n.k.i.DiagnosticsManager]: org.neo4j.server.database.location = D:\Personal\Fakultet\IV godina\Napredne baze podataka\Projekat\JeeBerryHome3\VeselaJetra\GraphDB
2015-02-09 15:45:33.593+0000 INFO  [o.n.k.i.DiagnosticsManager]: --- STARTED diagnostics for org.neo4j.server.configuration.Configurator END ---
2015-02-09 15:45:33.598+0000 INFO  [o.n.s.m.DiscoveryModule]: Mounted discovery module at [/]
2015-02-09 15:45:33.605+0000 INFO  [o.n.s.m.RESTApiModule]: Mounted REST API at [/db/data]
2015-02-09 15:45:33.608+0000 INFO  [o.n.s.m.ManagementApiModule]: Mounted management API at [/db/manage]
2015-02-09 15:45:33.608+0000 INFO  [o.n.s.m.WebAdminModule]: Mounted webadmin at [/webadmin]
2015-02-09 15:45:33.608+0000 INFO  [o.n.s.m.Neo4jBrowserModule]: Mounted Neo4j Browser at [/browser]
2015-02-09 15:45:33.656+0000 INFO  [o.n.s.w.Jetty9WebServer]: Mounting static content at [/webadmin] from [webadmin-html]
2015-02-09 15:45:33.695+0000 INFO  [o.n.s.w.Jetty9WebServer]: Mounting static content at [/browser] from [browser]
2015-02-09 15:45:35.173+0000 INFO  [o.n.s.CommunityNeoServer]: Server started on: http://localhost:7474/
2015-02-09 15:45:35.173+0000 INFO  [o.n.s.CommunityNeoServer]: Remote interface ready and available at [http://localhost:7474/]
2015-02-09 15:45:35.173+0000 INFO  [o.n.k.i.DiagnosticsManager]: --- SERVER STARTED END ---
2015-02-09 15:46:35.102+0000 INFO  [o.n.s.CommunityNeoServer]: Successfully shutdown Neo4j Server.
2015-02-09 15:46:35.103+0000 INFO  [o.n.k.EmbeddedGraphDatabase]: Shutdown started
2015-02-09 15:46:35.103+0000 INFO  [o.n.k.EmbeddedGraphDatabase]: Database is now unavailable
2015-02-09 15:46:35.257+0000 INFO  [o.n.k.i.t.x.XaLogicalLog]: Closed log D:\Personal\Fakultet\IV godina\Napredne baze podataka\Projekat\JeeBerryHome3\VeselaJetra\GraphDB\index\lucene.log
2015-02-09 15:46:35.327+0000 INFO  [o.n.k.i.t.TxManager]: TM shutting down
2015-02-09 15:46:35.892+0000 INFO  [o.n.k.i.t.x.XaLogicalLog]: Closed log D:\Personal\Fakultet\IV godina\Napredne baze podataka\Projekat\JeeBerryHome3\VeselaJetra\GraphDB\nioneo_logical.log
2015-02-09 15:46:35.902+0000 INFO  [o.n.k.i.n.s.StoreFactory]: D:\Personal\Fakultet\IV godina\Napredne baze podataka\Projekat\JeeBerryHome3\VeselaJetra\GraphDB\neostore.relationshiptypestore.db.names hit=0 miss=0 switches=0 ooe=0
2015-02-09 15:46:36.002+0000 INFO  [o.n.k.i.n.s.StoreFactory]: D:\Personal\Fakultet\IV godina\Napredne baze podataka\Projekat\JeeBerryHome3\VeselaJetra\GraphDB\neostore.relationshiptypestore.db hit=0 miss=0 switches=0 ooe=0
2015-02-09 15:46:36.102+0000 INFO  [o.n.k.i.n.s.StoreFactory]: D:\Personal\Fakultet\IV godina\Napredne baze podataka\Projekat\JeeBerryHome3\VeselaJetra\GraphDB\neostore.labeltokenstore.db.names hit=0 miss=1 switches=0 ooe=0
2015-02-09 15:46:36.213+0000 INFO  [o.n.k.i.n.s.StoreFactory]: D:\Personal\Fakultet\IV godina\Napredne baze podataka\Projekat\JeeBerryHome3\VeselaJetra\GraphDB\neostore.labeltokenstore.db hit=0 miss=1 switches=0 ooe=0
2015-02-09 15:46:36.313+0000 INFO  [o.n.k.i.n.s.StoreFactory]: D:\Personal\Fakultet\IV godina\Napredne baze podataka\Projekat\JeeBerryHome3\VeselaJetra\GraphDB\neostore.propertystore.db.strings hit=0 miss=0 switches=0 ooe=0
2015-02-09 15:46:36.446+0000 INFO  [o.n.k.i.n.s.StoreFactory]: D:\Personal\Fakultet\IV godina\Napredne baze podataka\Projekat\JeeBerryHome3\VeselaJetra\GraphDB\neostore.propertystore.db.index.keys hit=0 miss=7 switches=0 ooe=0
2015-02-09 15:46:36.556+0000 INFO  [o.n.k.i.n.s.StoreFactory]: D:\Personal\Fakultet\IV godina\Napredne baze podataka\Projekat\JeeBerryHome3\VeselaJetra\GraphDB\neostore.propertystore.db.index hit=0 miss=7 switches=0 ooe=0
2015-02-09 15:46:36.669+0000 INFO  [o.n.k.i.n.s.StoreFactory]: D:\Personal\Fakultet\IV godina\Napredne baze podataka\Projekat\JeeBerryHome3\VeselaJetra\GraphDB\neostore.propertystore.db.arrays hit=0 miss=0 switches=0 ooe=0
2015-02-09 15:46:36.769+0000 INFO  [o.n.k.i.n.s.StoreFactory]: D:\Personal\Fakultet\IV godina\Napredne baze podataka\Projekat\JeeBerryHome3\VeselaJetra\GraphDB\neostore.propertystore.db hit=16 miss=0 switches=0 ooe=0
2015-02-09 15:46:36.880+0000 INFO  [o.n.k.i.n.s.StoreFactory]: D:\Personal\Fakultet\IV godina\Napredne baze podataka\Projekat\JeeBerryHome3\VeselaJetra\GraphDB\neostore.relationshipstore.db hit=0 miss=0 switches=0 ooe=0
2015-02-09 15:46:36.980+0000 INFO  [o.n.k.i.n.s.StoreFactory]: D:\Personal\Fakultet\IV godina\Napredne baze podataka\Projekat\JeeBerryHome3\VeselaJetra\GraphDB\neostore.nodestore.db.labels hit=0 miss=0 switches=0 ooe=0
2015-02-09 15:46:37.080+0000 INFO  [o.n.k.i.n.s.StoreFactory]: D:\Personal\Fakultet\IV godina\Napredne baze podataka\Projekat\JeeBerryHome3\VeselaJetra\GraphDB\neostore.nodestore.db hit=4 miss=0 switches=0 ooe=0
2015-02-09 15:46:37.224+0000 INFO  [o.n.k.i.n.s.StoreFactory]: D:\Personal\Fakultet\IV godina\Napredne baze podataka\Projekat\JeeBerryHome3\VeselaJetra\GraphDB\neostore.schemastore.db hit=0 miss=0 switches=0 ooe=0
2015-02-09 15:46:37.336+0000 INFO  [o.n.k.i.n.s.StoreFactory]: D:\Personal\Fakultet\IV godina\Napredne baze podataka\Projekat\JeeBerryHome3\VeselaJetra\GraphDB\neostore.relationshipgroupstore.db hit=0 miss=0 switches=0 ooe=0
2015-02-09 15:46:37.457+0000 INFO  [o.n.k.i.n.s.StoreFactory]: D:\Personal\Fakultet\IV godina\Napredne baze podataka\Projekat\JeeBerryHome3\VeselaJetra\GraphDB\neostore hit=0 miss=30 switches=0 ooe=0
2015-02-09 15:46:37.822+0000 INFO  [o.n.k.i.n.x.NeoStoreXaDataSource]: NeoStore closed
2015-02-09 15:46:37.822+0000 INFO  [o.n.k.i.DiagnosticsManager]: --- STOPPING diagnostics START ---
2015-02-09 15:46:37.822+0000 INFO  [o.n.k.i.DiagnosticsManager]: --- STOPPING diagnostics END ---
2015-02-09 15:46:37.825+0000 INFO  [o.n.s.d.LifecycleManagingDatabase]: Successfully stopped database
2015-02-09 15:46:37.825+0000 INFO  [o.n.s.CommunityNeoServer]: Successfully shutdown database.
2015-02-09 17:21:59.768+0000 INFO  [o.n.s.CommunityNeoServer]: Setting startup timeout to: 120000ms based on -1
2015-02-09 17:21:59.858+0000 INFO  [o.n.k.InternalAbstractGraphDatabase]: No locking implementation specified, defaulting to 'community'
2015-02-09 17:21:59.914+0000 INFO  [o.n.k.i.DiagnosticsManager]: --- INITIALIZED diagnostics START ---
2015-02-09 17:21:59.915+0000 INFO  [o.n.k.i.DiagnosticsManager]: Neo4j Kernel properties:
2015-02-09 17:21:59.916+0000 INFO  [o.n.k.i.DiagnosticsManager]: neostore.propertystore.db.mapped_memory=13M
2015-02-09 17:21:59.916+0000 INFO  [o.n.k.i.DiagnosticsManager]: neostore.relationshipgroupstore.db.mapped_memory=0M
2015-02-09 17:21:59.916+0000 INFO  [o.n.k.i.DiagnosticsManager]: neostore.nodestore.db.mapped_memory=3M
2015-02-09 17:21:59.916+0000 INFO  [o.n.k.i.DiagnosticsManager]: neostore.relationshipstore.db.mapped_memory=15M
2015-02-09 17:21:59.916+0000 INFO  [o.n.k.i.DiagnosticsManager]: neostore.propertystore.db.strings.mapped_memory=11M
2015-02-09 17:21:59.916+0000 INFO  [o.n.k.i.DiagnosticsManager]: store_dir=C:\Users\Damjan\Documents\Visual Studio 2013\Projects\VeselaJetra\GraphDB
2015-02-09 17:21:59.916+0000 INFO  [o.n.k.i.DiagnosticsManager]: keep_logical_logs=true
2015-02-09 17:21:59.916+0000 INFO  [o.n.k.i.DiagnosticsManager]: neostore.propertystore.db.arrays.mapped_memory=13M
2015-02-09 17:21:59.916+0000 INFO  [o.n.k.i.DiagnosticsManager]: remote_shell_enabled=true
2015-02-09 17:21:59.925+0000 INFO  [o.n.k.i.DiagnosticsManager]: Diagnostics providers:
2015-02-09 17:21:59.925+0000 INFO  [o.n.k.i.DiagnosticsManager]: org.neo4j.kernel.configuration.Config
2015-02-09 17:21:59.925+0000 INFO  [o.n.k.i.DiagnosticsManager]: org.neo4j.kernel.info.DiagnosticsManager
2015-02-09 17:21:59.925+0000 INFO  [o.n.k.i.DiagnosticsManager]: SYSTEM_MEMORY
2015-02-09 17:21:59.925+0000 INFO  [o.n.k.i.DiagnosticsManager]: JAVA_MEMORY
2015-02-09 17:21:59.925+0000 INFO  [o.n.k.i.DiagnosticsManager]: OPERATING_SYSTEM
2015-02-09 17:21:59.925+0000 INFO  [o.n.k.i.DiagnosticsManager]: JAVA_VIRTUAL_MACHINE
2015-02-09 17:21:59.925+0000 INFO  [o.n.k.i.DiagnosticsManager]: CLASSPATH
2015-02-09 17:21:59.925+0000 INFO  [o.n.k.i.DiagnosticsManager]: LIBRARY_PATH
2015-02-09 17:21:59.925+0000 INFO  [o.n.k.i.DiagnosticsManager]: SYSTEM_PROPERTIES
2015-02-09 17:21:59.925+0000 INFO  [o.n.k.i.DiagnosticsManager]: NETWORK
2015-02-09 17:21:59.926+0000 INFO  [o.n.k.i.DiagnosticsManager]: System memory information:
2015-02-09 17:21:59.927+0000 INFO  [o.n.k.i.DiagnosticsManager]: Total Physical memory: 4.00 GB
2015-02-09 17:21:59.927+0000 INFO  [o.n.k.i.DiagnosticsManager]: Free Physical memory: 3.99 GB
2015-02-09 17:21:59.928+0000 INFO  [o.n.k.i.DiagnosticsManager]: Committed virtual memory: 51.43 MB
2015-02-09 17:21:59.928+0000 INFO  [o.n.k.i.DiagnosticsManager]: Total swap space: 4.00 GB
2015-02-09 17:21:59.928+0000 INFO  [o.n.k.i.DiagnosticsManager]: Free swap space: 3.78 GB
2015-02-09 17:21:59.928+0000 INFO  [o.n.k.i.DiagnosticsManager]: JVM memory information:
2015-02-09 17:21:59.928+0000 INFO  [o.n.k.i.DiagnosticsManager]: Free  memory: 1.57 MB
2015-02-09 17:21:59.929+0000 INFO  [o.n.k.i.DiagnosticsManager]: Total memory: 15.50 MB
2015-02-09 17:21:59.929+0000 INFO  [o.n.k.i.DiagnosticsManager]: Max   memory: 247.50 MB
2015-02-09 17:21:59.930+0000 INFO  [o.n.k.i.DiagnosticsManager]: Garbage Collector: Copy: [Eden Space, Survivor Space]
2015-02-09 17:21:59.930+0000 INFO  [o.n.k.i.DiagnosticsManager]: Garbage Collector: MarkSweepCompact: [Eden Space, Survivor Space, Tenured Gen, Perm Gen]
2015-02-09 17:21:59.931+0000 INFO  [o.n.k.i.DiagnosticsManager]: Memory Pool: Code Cache (Non-heap memory): committed=1.59 MB, used=1.59 MB, max=32.00 MB, threshold=0.00 B
2015-02-09 17:21:59.932+0000 INFO  [o.n.k.i.DiagnosticsManager]: Memory Pool: Eden Space (Heap memory): committed=4.31 MB, used=4.01 MB, max=68.31 MB, threshold=?
2015-02-09 17:21:59.932+0000 INFO  [o.n.k.i.DiagnosticsManager]: Memory Pool: Survivor Space (Heap memory): committed=512.00 kB, used=512.00 kB, max=8.50 MB, threshold=?
2015-02-09 17:21:59.932+0000 INFO  [o.n.k.i.DiagnosticsManager]: Memory Pool: Tenured Gen (Heap memory): committed=10.69 MB, used=9.42 MB, max=170.69 MB, threshold=0.00 B
2015-02-09 17:21:59.933+0000 INFO  [o.n.k.i.DiagnosticsManager]: Memory Pool: Perm Gen (Non-heap memory): committed=14.25 MB, used=14.15 MB, max=64.00 MB, threshold=0.00 B
2015-02-09 17:21:59.933+0000 INFO  [o.n.k.i.DiagnosticsManager]: Operating system information:
2015-02-09 17:21:59.933+0000 INFO  [o.n.k.i.DiagnosticsManager]: Operating System: Windows 7; version: 6.1; arch: x86; cpus: 8
2015-02-09 17:21:59.934+0000 INFO  [o.n.k.i.DiagnosticsManager]: Process id: 6120@Bjanka
2015-02-09 17:21:59.934+0000 INFO  [o.n.k.i.DiagnosticsManager]: Byte order: LITTLE_ENDIAN
2015-02-09 17:21:59.934+0000 INFO  [o.n.k.i.DiagnosticsManager]: Local timezone: Europe/Prague
2015-02-09 17:21:59.934+0000 INFO  [o.n.k.i.DiagnosticsManager]: JVM information:
2015-02-09 17:21:59.934+0000 INFO  [o.n.k.i.DiagnosticsManager]: VM Name: Java HotSpot(TM) Client VM
2015-02-09 17:21:59.934+0000 INFO  [o.n.k.i.DiagnosticsManager]: VM Vendor: Oracle Corporation
2015-02-09 17:21:59.934+0000 INFO  [o.n.k.i.DiagnosticsManager]: VM Version: 24.45-b08
2015-02-09 17:21:59.934+0000 INFO  [o.n.k.i.DiagnosticsManager]: JIT compiler: HotSpot Client Compiler
2015-02-09 17:21:59.935+0000 INFO  [o.n.k.i.DiagnosticsManager]: VM Arguments: [-Dexe4j.semaphoreName=Local\c:_program_files_(x86)_neo4j_community_bin_neo4j-community.exe, -Dexe4j.isInstall4j=true, -Dexe4j.moduleName=C:\Program Files (x86)\Neo4j Community\bin\neo4j-community.exe, -Dexe4j.processCommFile=C:\Users\Damjan\AppData\Local\Temp\e4j_p6120.tmp, -Dexe4j.tempDir=, -Dexe4j.unextractedPosition=0, -Djava.library.path=C:\app\Damjan\product\12.1.0\client_1;C:\app\Damjan\product\12.1.0\client_1\bin;C:\Program Files (x86)\AMD APP\bin\x86_64;C:\Program Files (x86)\AMD APP\bin\x86;C:\Windows\system32;C:\Windows;C:\Windows\System32\Wbem;C:\Windows\System32\WindowsPowerShell\v1.0\;C:\Program Files (x86)\ATI Technologies\ATI.ACE\Core-Static;C:\Program Files\Microsoft SQL Server\110\Tools\Binn\;C:\Program Files\TortoiseSVN\bin;C:\Program Files\VisualSVN Server\bin;C:\Program Files (x86)\VisualSVN\bin;C:\Program Files (x86)\Windows Kits\8.1\Windows Performance Toolkit\;C:\Program Files (x86)\Microsoft SDKs\TypeScript\1.0\;c:\program files (x86)\neo4j community\jre\bin, -Dexe4j.consoleCodepage=cp0, -Dinstall4j.launcherId=24, -Dinstall4j.swt=false]
2015-02-09 17:21:59.935+0000 INFO  [o.n.k.i.DiagnosticsManager]: Java classpath:
2015-02-09 17:21:59.937+0000 INFO  [o.n.k.i.DiagnosticsManager]:  [loader.0] file:/C:/Program%20Files%20(x86)/Neo4j%20Community/bin/neo4j-desktop-2.1.7.jar
2015-02-09 17:21:59.937+0000 INFO  [o.n.k.i.DiagnosticsManager]:  [bootstrap] C:\Program Files (x86)\Neo4j Community\jre\classes
2015-02-09 17:21:59.937+0000 INFO  [o.n.k.i.DiagnosticsManager]:  [classpath] C:\Program Files (x86)\Neo4j Community\.install4j\i4jruntime.jar
2015-02-09 17:21:59.937+0000 INFO  [o.n.k.i.DiagnosticsManager]:  [loader.1] file:/C:/Program%20Files%20(x86)/Neo4j%20Community/jre/lib/ext/sunmscapi.jar
2015-02-09 17:21:59.937+0000 INFO  [o.n.k.i.DiagnosticsManager]:  [loader.1] file:/C:/Program%20Files%20(x86)/Neo4j%20Community/jre/lib/ext/access-bridge-32.jar
2015-02-09 17:21:59.937+0000 INFO  [o.n.k.i.DiagnosticsManager]:  [bootstrap] C:\Program Files (x86)\Neo4j Community\jre\lib\resources.jar
2015-02-09 17:21:59.937+0000 INFO  [o.n.k.i.DiagnosticsManager]:  [loader.1] file:/C:/Program%20Files%20(x86)/Neo4j%20Community/jre/lib/ext/sunjce_provider.jar
2015-02-09 17:21:59.937+0000 INFO  [o.n.k.i.DiagnosticsManager]:  [loader.1] file:/C:/Program%20Files%20(x86)/Neo4j%20Community/jre/lib/ext/sunec.jar
2015-02-09 17:21:59.937+0000 INFO  [o.n.k.i.DiagnosticsManager]:  [classpath] C:\Program Files (x86)\Neo4j Community\bin\neo4j-desktop-2.1.7.jar
2015-02-09 17:21:59.937+0000 INFO  [o.n.k.i.DiagnosticsManager]:  [loader.0] file:/C:/Program%20Files%20(x86)/Neo4j%20Community/bin/
2015-02-09 17:21:59.938+0000 INFO  [o.n.k.i.DiagnosticsManager]:  [loader.0] file:/C:/Program%20Files%20(x86)/Neo4j%20Community/.install4j/i4jruntime.jar
2015-02-09 17:21:59.938+0000 INFO  [o.n.k.i.DiagnosticsManager]:  [bootstrap] C:\Program Files (x86)\Neo4j Community\jre\lib\jce.jar
2015-02-09 17:21:59.938+0000 INFO  [o.n.k.i.DiagnosticsManager]:  [loader.1] file:/C:/Program%20Files%20(x86)/Neo4j%20Community/jre/lib/ext/jaccess.jar
2015-02-09 17:21:59.938+0000 INFO  [o.n.k.i.DiagnosticsManager]:  [loader.1] file:/C:/Program%20Files%20(x86)/Neo4j%20Community/jre/lib/ext/zipfs.jar
2015-02-09 17:21:59.938+0000 INFO  [o.n.k.i.DiagnosticsManager]:  [loader.1] file:/C:/Program%20Files%20(x86)/Neo4j%20Community/jre/lib/ext/localedata.jar
2015-02-09 17:21:59.938+0000 INFO  [o.n.k.i.DiagnosticsManager]:  [loader.1] file:/C:/Program%20Files%20(x86)/Neo4j%20Community/jre/lib/ext/dnsns.jar
2015-02-09 17:21:59.938+0000 INFO  [o.n.k.i.DiagnosticsManager]:  [bootstrap] C:\Program Files (x86)\Neo4j Community\jre\lib\sunrsasign.jar
2015-02-09 17:21:59.938+0000 INFO  [o.n.k.i.DiagnosticsManager]:  [bootstrap] C:\Program Files (x86)\Neo4j Community\jre\lib\charsets.jar
2015-02-09 17:21:59.938+0000 INFO  [o.n.k.i.DiagnosticsManager]:  [bootstrap] C:\Program Files (x86)\Neo4j Community\jre\lib\jsse.jar
2015-02-09 17:21:59.938+0000 INFO  [o.n.k.i.DiagnosticsManager]:  [loader.1] file:/C:/Program%20Files%20(x86)/Neo4j%20Community/jre/lib/ext/sunpkcs11.jar
2015-02-09 17:21:59.938+0000 INFO  [o.n.k.i.DiagnosticsManager]:  [bootstrap] C:\Program Files (x86)\Neo4j Community\jre\lib\rt.jar
2015-02-09 17:21:59.938+0000 INFO  [o.n.k.i.DiagnosticsManager]:  [bootstrap] C:\Program Files (x86)\Neo4j Community\jre\lib\jfr.jar
2015-02-09 17:21:59.938+0000 INFO  [o.n.k.i.DiagnosticsManager]: Library path:
2015-02-09 17:21:59.938+0000 INFO  [o.n.k.i.DiagnosticsManager]: C:\app\Damjan\product\12.1.0\client_1
2015-02-09 17:21:59.939+0000 INFO  [o.n.k.i.DiagnosticsManager]: C:\app\Damjan\product\12.1.0\client_1\bin
2015-02-09 17:21:59.939+0000 INFO  [o.n.k.i.DiagnosticsManager]: C:\Program Files (x86)\AMD APP\bin\x86_64
2015-02-09 17:21:59.939+0000 INFO  [o.n.k.i.DiagnosticsManager]: C:\Program Files (x86)\AMD APP\bin\x86
2015-02-09 17:21:59.939+0000 INFO  [o.n.k.i.DiagnosticsManager]: C:\Windows\System32
2015-02-09 17:21:59.939+0000 INFO  [o.n.k.i.DiagnosticsManager]: C:\Windows
2015-02-09 17:21:59.940+0000 INFO  [o.n.k.i.DiagnosticsManager]: C:\Windows\System32\wbem
2015-02-09 17:21:59.940+0000 INFO  [o.n.k.i.DiagnosticsManager]: C:\Windows\System32\WindowsPowerShell\v1.0
2015-02-09 17:21:59.940+0000 INFO  [o.n.k.i.DiagnosticsManager]: C:\Program Files (x86)\ATI Technologies\ATI.ACE\Core-Static
2015-02-09 17:21:59.940+0000 INFO  [o.n.k.i.DiagnosticsManager]: C:\Program Files\Microsoft SQL Server\110\Tools\Binn
2015-02-09 17:21:59.941+0000 INFO  [o.n.k.i.DiagnosticsManager]: C:\Program Files\TortoiseSVN\bin
2015-02-09 17:21:59.941+0000 INFO  [o.n.k.i.DiagnosticsManager]: C:\Program Files\VisualSVN Server\bin
2015-02-09 17:21:59.941+0000 INFO  [o.n.k.i.DiagnosticsManager]: C:\Program Files (x86)\VisualSVN\bin
2015-02-09 17:21:59.941+0000 INFO  [o.n.k.i.DiagnosticsManager]: C:\Program Files (x86)\Windows Kits\8.1\Windows Performance Toolkit
2015-02-09 17:21:59.942+0000 INFO  [o.n.k.i.DiagnosticsManager]: C:\Program Files (x86)\Microsoft SDKs\TypeScript\1.0
2015-02-09 17:21:59.942+0000 INFO  [o.n.k.i.DiagnosticsManager]: C:\Program Files (x86)\Neo4j Community\jre\bin
2015-02-09 17:21:59.942+0000 INFO  [o.n.k.i.DiagnosticsManager]: System.properties:
2015-02-09 17:21:59.942+0000 INFO  [o.n.k.i.DiagnosticsManager]: exe4j.moduleName = C:\Program Files (x86)\Neo4j Community\bin\neo4j-community.exe
2015-02-09 17:21:59.942+0000 INFO  [o.n.k.i.DiagnosticsManager]: exe4j.processCommFile = C:\Users\Damjan\AppData\Local\Temp\e4j_p6120.tmp
2015-02-09 17:21:59.942+0000 INFO  [o.n.k.i.DiagnosticsManager]: exe4j.semaphoreName = Local\c:_program_files_(x86)_neo4j_community_bin_neo4j-community.exe
2015-02-09 17:21:59.942+0000 INFO  [o.n.k.i.DiagnosticsManager]: sun.boot.library.path = c:\program files (x86)\neo4j community\jre\bin
2015-02-09 17:21:59.942+0000 INFO  [o.n.k.i.DiagnosticsManager]: exe4j.consoleCodepage = cp0
2015-02-09 17:21:59.942+0000 INFO  [o.n.k.i.DiagnosticsManager]: path.separator = ;
2015-02-09 17:21:59.942+0000 INFO  [o.n.k.i.DiagnosticsManager]: file.encoding.pkg = sun.io
2015-02-09 17:21:59.942+0000 INFO  [o.n.k.i.DiagnosticsManager]: user.country = US
2015-02-09 17:21:59.942+0000 INFO  [o.n.k.i.DiagnosticsManager]: user.script = 
2015-02-09 17:21:59.942+0000 INFO  [o.n.k.i.DiagnosticsManager]: sun.os.patch.level = Service Pack 1
2015-02-09 17:21:59.942+0000 INFO  [o.n.k.i.DiagnosticsManager]: install4j.exeDir = C:\Program Files (x86)\Neo4j Community\bin\
2015-02-09 17:21:59.942+0000 INFO  [o.n.k.i.DiagnosticsManager]: user.dir = C:\Program Files (x86)\Neo4j Community\bin
2015-02-09 17:21:59.942+0000 INFO  [o.n.k.i.DiagnosticsManager]: user.variant = 
2015-02-09 17:21:59.943+0000 INFO  [o.n.k.i.DiagnosticsManager]: exe4j.tempDir = 
2015-02-09 17:21:59.943+0000 INFO  [o.n.k.i.DiagnosticsManager]: sun.jnu.encoding = Cp1252
2015-02-09 17:21:59.943+0000 INFO  [o.n.k.i.DiagnosticsManager]: sun.awt.enableExtraMouseButtons = true
2015-02-09 17:21:59.943+0000 INFO  [o.n.k.i.DiagnosticsManager]: install4j.launcherId = 24
2015-02-09 17:21:59.943+0000 INFO  [o.n.k.i.DiagnosticsManager]: sun.management.compiler = HotSpot Client Compiler
2015-02-09 17:21:59.943+0000 INFO  [o.n.k.i.DiagnosticsManager]: exe4j.isInstall4j = true
2015-02-09 17:21:59.943+0000 INFO  [o.n.k.i.DiagnosticsManager]: install4j.swt = false
2015-02-09 17:21:59.943+0000 INFO  [o.n.k.i.DiagnosticsManager]: user.home = C:\Users\Damjan
2015-02-09 17:21:59.943+0000 INFO  [o.n.k.i.DiagnosticsManager]: user.timezone = Europe/Prague
2015-02-09 17:21:59.943+0000 INFO  [o.n.k.i.DiagnosticsManager]: file.encoding = Cp1252
2015-02-09 17:21:59.943+0000 INFO  [o.n.k.i.DiagnosticsManager]: neo4j.ext.udc.launcher = desktop
2015-02-09 17:21:59.943+0000 INFO  [o.n.k.i.DiagnosticsManager]: user.name = Damjan
2015-02-09 17:21:59.943+0000 INFO  [o.n.k.i.DiagnosticsManager]: sun.java.command = C:\Program Files (x86)\Neo4j Community\bin\neo4j-community.exe
2015-02-09 17:21:59.943+0000 INFO  [o.n.k.i.DiagnosticsManager]: sun.arch.data.model = 32
2015-02-09 17:21:59.943+0000 INFO  [o.n.k.i.DiagnosticsManager]: exe4j.launchName = C:\Program Files (x86)\Neo4j Community\bin\neo4j-community.exe
2015-02-09 17:21:59.943+0000 INFO  [o.n.k.i.DiagnosticsManager]: user.language = en
2015-02-09 17:21:59.943+0000 INFO  [o.n.k.i.DiagnosticsManager]: awt.toolkit = sun.awt.windows.WToolkit
2015-02-09 17:21:59.943+0000 INFO  [o.n.k.i.DiagnosticsManager]: exe4j.unextractedPosition = 0
2015-02-09 17:21:59.943+0000 INFO  [o.n.k.i.DiagnosticsManager]: install4j.appDir = C:\Program Files (x86)\Neo4j Community\
2015-02-09 17:21:59.943+0000 INFO  [o.n.k.i.DiagnosticsManager]: file.separator = \
2015-02-09 17:21:59.943+0000 INFO  [o.n.k.i.DiagnosticsManager]: sun.io.unicode.encoding = UnicodeLittle
2015-02-09 17:21:59.943+0000 INFO  [o.n.k.i.DiagnosticsManager]: sun.cpu.endian = little
2015-02-09 17:21:59.943+0000 INFO  [o.n.k.i.DiagnosticsManager]: sun.desktop = windows
2015-02-09 17:21:59.943+0000 INFO  [o.n.k.i.DiagnosticsManager]: sun.cpu.isalist = pentium_pro+mmx pentium_pro pentium+mmx pentium i486 i386 i86
2015-02-09 17:21:59.943+0000 INFO  [o.n.k.i.DiagnosticsManager]: Network information:
2015-02-09 17:22:00.022+0000 INFO  [o.n.k.i.DiagnosticsManager]: Interface Software Loopback Interface 1:
2015-02-09 17:22:00.022+0000 INFO  [o.n.k.i.DiagnosticsManager]:     address: 127.0.0.1
2015-02-09 17:22:00.022+0000 INFO  [o.n.k.i.DiagnosticsManager]:     address: 0:0:0:0:0:0:0:1
2015-02-09 17:22:00.022+0000 INFO  [o.n.k.i.DiagnosticsManager]: Interface WAN Miniport (SSTP):
2015-02-09 17:22:00.022+0000 INFO  [o.n.k.i.DiagnosticsManager]: Interface WAN Miniport (L2TP):
2015-02-09 17:22:00.022+0000 INFO  [o.n.k.i.DiagnosticsManager]: Interface WAN Miniport (PPTP):
2015-02-09 17:22:00.026+0000 INFO  [o.n.k.i.DiagnosticsManager]: Interface WAN Miniport (PPPOE):
2015-02-09 17:22:00.027+0000 INFO  [o.n.k.i.DiagnosticsManager]: Interface WAN Miniport (IPv6):
2015-02-09 17:22:00.027+0000 INFO  [o.n.k.i.DiagnosticsManager]: Interface WAN Miniport (Network Monitor):
2015-02-09 17:22:00.027+0000 INFO  [o.n.k.i.DiagnosticsManager]: Interface WAN Miniport (IP):
2015-02-09 17:22:00.027+0000 INFO  [o.n.k.i.DiagnosticsManager]: Interface RAS Async Adapter:
2015-02-09 17:22:00.027+0000 INFO  [o.n.k.i.DiagnosticsManager]: Interface WAN Miniport (IKEv2):
2015-02-09 17:22:00.027+0000 INFO  [o.n.k.i.DiagnosticsManager]: Interface Bluetooth Device (Personal Area Network):
2015-02-09 17:22:00.027+0000 INFO  [o.n.k.i.DiagnosticsManager]: Interface Bluetooth Device (RFCOMM Protocol TDI):
2015-02-09 17:22:00.027+0000 INFO  [o.n.k.i.DiagnosticsManager]: Interface Realtek PCIe GBE Family Controller:
2015-02-09 17:22:00.027+0000 INFO  [o.n.k.i.DiagnosticsManager]:     address: fe80:0:0:0:5c67:c242:57fb:e42%13
2015-02-09 17:22:00.027+0000 INFO  [o.n.k.i.DiagnosticsManager]: Interface Ralink RT5390 802.11b/g/n WiFi Adapter:
2015-02-09 17:22:00.027+0000 INFO  [o.n.k.i.DiagnosticsManager]:     address: 192.168.0.13
2015-02-09 17:22:00.027+0000 INFO  [o.n.k.i.DiagnosticsManager]:     address: fe80:0:0:0:dc17:a190:ced0:9d4c%14
2015-02-09 17:22:00.027+0000 INFO  [o.n.k.i.DiagnosticsManager]: Interface Teredo Tunneling Pseudo-Interface:
2015-02-09 17:22:00.028+0000 INFO  [o.n.k.i.DiagnosticsManager]:     address: 2001:0:9d38:90d7:1462:394e:3f57:fff2
2015-02-09 17:22:00.028+0000 INFO  [o.n.k.i.DiagnosticsManager]:     address: fe80:0:0:0:1462:394e:3f57:fff2%15
2015-02-09 17:22:00.028+0000 INFO  [o.n.k.i.DiagnosticsManager]: Interface Cisco AnyConnect Secure Mobility Client Virtual Miniport Adapter for Windows x64:
2015-02-09 17:22:00.028+0000 INFO  [o.n.k.i.DiagnosticsManager]: Interface Microsoft Virtual WiFi Miniport Adapter:
2015-02-09 17:22:00.028+0000 INFO  [o.n.k.i.DiagnosticsManager]:     address: fe80:0:0:0:6c14:714b:368e:fda7%17
2015-02-09 17:22:00.028+0000 INFO  [o.n.k.i.DiagnosticsManager]: Interface Microsoft ISATAP Adapter:
2015-02-09 17:22:00.028+0000 INFO  [o.n.k.i.DiagnosticsManager]:     address: fe80:0:0:0:0:5efe:c0a8:d%18
2015-02-09 17:22:00.028+0000 INFO  [o.n.k.i.DiagnosticsManager]: Interface Microsoft ISATAP Adapter #2:
2015-02-09 17:22:00.028+0000 INFO  [o.n.k.i.DiagnosticsManager]: Interface Microsoft ISATAP Adapter #3:
2015-02-09 17:22:00.028+0000 INFO  [o.n.k.i.DiagnosticsManager]: Interface Realtek PCIe GBE Family Controller-QoS Packet Scheduler-0000:
2015-02-09 17:22:00.028+0000 INFO  [o.n.k.i.DiagnosticsManager]: Interface Realtek PCIe GBE Family Controller-WFP LightWeight Filter-0000:
2015-02-09 17:22:00.028+0000 INFO  [o.n.k.i.DiagnosticsManager]: Interface Ralink RT5390 802.11b/g/n WiFi Adapter-Virtual WiFi Filter Driver-0000:
2015-02-09 17:22:00.029+0000 INFO  [o.n.k.i.DiagnosticsManager]: Interface Ralink RT5390 802.11b/g/n WiFi Adapter-QoS Packet Scheduler-0000:
2015-02-09 17:22:00.029+0000 INFO  [o.n.k.i.DiagnosticsManager]: Interface WAN Miniport (Network Monitor)-QoS Packet Scheduler-0000:
2015-02-09 17:22:00.029+0000 INFO  [o.n.k.i.DiagnosticsManager]: Interface WAN Miniport (IP)-QoS Packet Scheduler-0000:
2015-02-09 17:22:00.029+0000 INFO  [o.n.k.i.DiagnosticsManager]: Interface WAN Miniport (IPv6)-QoS Packet Scheduler-0000:
2015-02-09 17:22:00.029+0000 INFO  [o.n.k.i.DiagnosticsManager]: Interface Ralink RT5390 802.11b/g/n WiFi Adapter-Native WiFi Filter Driver-0000:
2015-02-09 17:22:00.029+0000 INFO  [o.n.k.i.DiagnosticsManager]: Interface Ralink RT5390 802.11b/g/n WiFi Adapter-WFP LightWeight Filter-0000:
2015-02-09 17:22:00.029+0000 INFO  [o.n.k.i.DiagnosticsManager]: Interface Microsoft Virtual WiFi Miniport Adapter-Native WiFi Filter Driver-0000:
2015-02-09 17:22:00.029+0000 INFO  [o.n.k.i.DiagnosticsManager]: Interface Microsoft Virtual WiFi Miniport Adapter-QoS Packet Scheduler-0000:
2015-02-09 17:22:00.029+0000 INFO  [o.n.k.i.DiagnosticsManager]: Interface Microsoft Virtual WiFi Miniport Adapter-WFP LightWeight Filter-0000:
2015-02-09 17:22:00.029+0000 INFO  [o.n.k.i.DiagnosticsManager]: Interface Microsoft 6to4 Adapter:
2015-02-09 17:22:00.029+0000 INFO  [o.n.k.i.DiagnosticsManager]: --- INITIALIZED diagnostics END ---
2015-02-09 17:22:00.126+0000 INFO  [o.n.k.i.n.s.StoreFactory]: [C:\Users\Damjan\Documents\Visual Studio 2013\Projects\VeselaJetra\GraphDB\neostore.relationshiptypestore.db.names] brickCount=0 brickSize=0b mappedMem=0b (storeSize=38b)
2015-02-09 17:22:00.128+0000 INFO  [o.n.k.i.n.s.StoreFactory]: [C:\Users\Damjan\Documents\Visual Studio 2013\Projects\VeselaJetra\GraphDB\neostore.relationshiptypestore.db] brickCount=0 brickSize=0b mappedMem=0b (storeSize=0b)
2015-02-09 17:22:00.128+0000 INFO  [o.n.k.i.n.s.StoreFactory]: [C:\Users\Damjan\Documents\Visual Studio 2013\Projects\VeselaJetra\GraphDB\neostore.labeltokenstore.db.names] brickCount=0 brickSize=0b mappedMem=0b (storeSize=76b)
2015-02-09 17:22:00.130+0000 INFO  [o.n.k.i.n.s.StoreFactory]: [C:\Users\Damjan\Documents\Visual Studio 2013\Projects\VeselaJetra\GraphDB\neostore.labeltokenstore.db] brickCount=0 brickSize=0b mappedMem=0b (storeSize=5b)
2015-02-09 17:22:00.130+0000 INFO  [o.n.k.i.n.s.StoreFactory]: [C:\Users\Damjan\Documents\Visual Studio 2013\Projects\VeselaJetra\GraphDB\neostore.propertystore.db.strings] brickCount=0 brickSize=11520b mappedMem=11534336b (storeSize=128b)
2015-02-09 17:22:00.131+0000 INFO  [o.n.k.i.n.s.StoreFactory]: [C:\Users\Damjan\Documents\Visual Studio 2013\Projects\VeselaJetra\GraphDB\neostore.propertystore.db.index.keys] brickCount=0 brickSize=0b mappedMem=0b (storeSize=304b)
2015-02-09 17:22:00.132+0000 INFO  [o.n.k.i.n.s.StoreFactory]: [C:\Users\Damjan\Documents\Visual Studio 2013\Projects\VeselaJetra\GraphDB\neostore.propertystore.db.index] brickCount=0 brickSize=0b mappedMem=0b (storeSize=63b)
2015-02-09 17:22:00.133+0000 INFO  [o.n.k.i.n.s.StoreFactory]: [C:\Users\Damjan\Documents\Visual Studio 2013\Projects\VeselaJetra\GraphDB\neostore.propertystore.db.arrays] brickCount=0 brickSize=13568b mappedMem=13631488b (storeSize=128b)
2015-02-09 17:22:00.188+0000 INFO  [o.n.k.i.n.s.StoreFactory]: [C:\Users\Damjan\Documents\Visual Studio 2013\Projects\VeselaJetra\GraphDB\neostore.propertystore.db] brickCount=0 brickSize=13612b mappedMem=13631488b (storeSize=656b)
2015-02-09 17:22:00.190+0000 INFO  [o.n.k.i.n.s.StoreFactory]: [C:\Users\Damjan\Documents\Visual Studio 2013\Projects\VeselaJetra\GraphDB\neostore.relationshipstore.db] brickCount=0 brickSize=157284b mappedMem=15728640b (storeSize=0b)
2015-02-09 17:22:00.191+0000 INFO  [o.n.k.i.n.s.StoreFactory]: [C:\Users\Damjan\Documents\Visual Studio 2013\Projects\VeselaJetra\GraphDB\neostore.nodestore.db.labels] brickCount=0 brickSize=0b mappedMem=0b (storeSize=68b)
2015-02-09 17:22:00.193+0000 INFO  [o.n.k.i.n.s.StoreFactory]: [C:\Users\Damjan\Documents\Visual Studio 2013\Projects\VeselaJetra\GraphDB\neostore.nodestore.db] brickCount=0 brickSize=3135b mappedMem=3145728b (storeSize=60b)
2015-02-09 17:22:00.195+0000 INFO  [o.n.k.i.n.s.StoreFactory]: [C:\Users\Damjan\Documents\Visual Studio 2013\Projects\VeselaJetra\GraphDB\neostore.schemastore.db] brickCount=0 brickSize=0b mappedMem=0b (storeSize=64b)
2015-02-09 17:22:00.197+0000 INFO  [o.n.k.i.n.s.StoreFactory]: [C:\Users\Damjan\Documents\Visual Studio 2013\Projects\VeselaJetra\GraphDB\neostore.relationshipgroupstore.db] brickCount=0 brickSize=0b mappedMem=0b (storeSize=25b)
2015-02-09 17:22:00.197+0000 INFO  [o.n.k.i.n.s.StoreFactory]: [C:\Users\Damjan\Documents\Visual Studio 2013\Projects\VeselaJetra\GraphDB\neostore] brickCount=0 brickSize=0b mappedMem=0b (storeSize=81b)
2015-02-09 17:22:00.378+0000 INFO  [o.n.k.i.t.x.XaLogicalLog]: Opened logical log [C:\Users\Damjan\Documents\Visual Studio 2013\Projects\VeselaJetra\GraphDB\nioneo_logical.log.1] version=1, lastTxId=10 (clean)
2015-02-09 17:22:00.389+0000 INFO  [o.n.k.i.t.TxManager]: TM opening log: C:\Users\Damjan\Documents\Visual Studio 2013\Projects\VeselaJetra\GraphDB\tm_tx_log.1
2015-02-09 17:22:00.393+0000 INFO  [o.n.k.i.t.KernelHealth]: Kernel health set to OK
2015-02-09 17:22:01.478+0000 INFO  [o.n.k.i.t.x.XaLogicalLog]: Opened logical log [C:\Users\Damjan\Documents\Visual Studio 2013\Projects\VeselaJetra\GraphDB\index\lucene.log.1] version=1, lastTxId=1 (clean)
2015-02-09 17:22:01.482+0000 INFO  [o.n.k.i.DiagnosticsManager]: --- STARTED diagnostics for KernelDiagnostics:Versions START ---
2015-02-09 17:22:01.483+0000 INFO  [o.n.k.i.DiagnosticsManager]: Graph Database: org.neo4j.kernel.EmbeddedGraphDatabase StoreId{creationTime=1423496727081, randomId=6432363180691599901, storeVersion=14406081294923270, upgradeTime=1423496727081, upgradeId=6432363180691599901}
2015-02-09 17:22:01.483+0000 INFO  [o.n.k.i.DiagnosticsManager]: Kernel version: Neo4j Desktop (neo4j-desktop), version: 2.1.7
2015-02-09 17:22:01.483+0000 INFO  [o.n.k.i.DiagnosticsManager]: Neo4j component versions:
2015-02-09 17:22:01.484+0000 INFO  [o.n.k.i.DiagnosticsManager]:   Neo4j Desktop (neo4j-jmx), version: 2.1.7; revision: 2.1.7:2.1-maint:649/ed233fc1087f4549d1956b8ec4a504fe2f13a446
2015-02-09 17:22:01.484+0000 INFO  [o.n.k.i.DiagnosticsManager]:   Neo4j Desktop (neo4j-lucene-index), version: 2.1.7; revision: 2.1.7:2.1-maint:649/ed233fc1087f4549d1956b8ec4a504fe2f13a446
2015-02-09 17:22:01.484+0000 INFO  [o.n.k.i.DiagnosticsManager]:   Neo4j Desktop (neo4j-graph-matching), version: 2.1.7; revision: 2.1.7:2.1-maint:649/ed233fc1087f4549d1956b8ec4a504fe2f13a446
2015-02-09 17:22:01.484+0000 INFO  [o.n.k.i.DiagnosticsManager]:   Neo4j Desktop (neo4j-cypher-compiler-2.1), version: 2.1.7; revision: 2.1.7:2.1-maint:649/ed233fc1087f4549d1956b8ec4a504fe2f13a446
2015-02-09 17:22:01.484+0000 INFO  [o.n.k.i.DiagnosticsManager]:   Neo4j Desktop (server-api), version: 2.1.7; revision: 2.1.7:2.1-maint:649/ed233fc1087f4549d1956b8ec4a504fe2f13a446
2015-02-09 17:22:01.484+0000 INFO  [o.n.k.i.DiagnosticsManager]:   Neo4j Desktop (neo4j-cypher), version: 2.1.7; revision: 2.1.7:2.1-maint:649/ed233fc1087f4549d1956b8ec4a504fe2f13a446
2015-02-09 17:22:01.484+0000 INFO  [o.n.k.i.DiagnosticsManager]:   Neo4j Desktop (neo4j-desktop), version: 2.1.7; revision: 2.1.7:2.1-maint:649/ed233fc1087f4549d1956b8ec4a504fe2f13a446
2015-02-09 17:22:01.484+0000 INFO  [o.n.k.i.DiagnosticsManager]:   Neo4j Desktop (neo4j-server), version: 2.1.7; revision: 2.1.7:2.1-maint:649/ed233fc1087f4549d1956b8ec4a504fe2f13a446
2015-02-09 17:22:01.484+0000 INFO  [o.n.k.i.DiagnosticsManager]:   Neo4j Desktop (neo4j-cypher-compiler-2.0), version: 2.1.7; revision: 2.0.3:2.0-maint:72/307c563c11b75fdc71cfa6df05daf9b08d6c37dc
2015-02-09 17:22:01.484+0000 INFO  [o.n.k.i.DiagnosticsManager]:   Neo4j Desktop (neo4j-graph-algo), version: 2.1.7; revision: 2.1.7:2.1-maint:649/ed233fc1087f4549d1956b8ec4a504fe2f13a446
2015-02-09 17:22:01.484+0000 INFO  [o.n.k.i.DiagnosticsManager]:   Neo4j Desktop (neo4j-shell), version: 2.1.7; revision: 2.1.7:2.1-maint:649/ed233fc1087f4549d1956b8ec4a504fe2f13a446
2015-02-09 17:22:01.484+0000 INFO  [o.n.k.i.DiagnosticsManager]:   Neo4j Desktop (neo4j-cypher-compiler-1.9), version: 2.1.7; revision: 2.0.3:2.0-maint:72/307c563c11b75fdc71cfa6df05daf9b08d6c37dc
2015-02-09 17:22:01.484+0000 INFO  [o.n.k.i.DiagnosticsManager]:   Neo4j Desktop (neo4j-udc), version: 2.1.7; revision: 2.1.7:2.1-maint:649/ed233fc1087f4549d1956b8ec4a504fe2f13a446
2015-02-09 17:22:01.484+0000 INFO  [o.n.k.i.DiagnosticsManager]:   Neo4j Desktop (neo4j-cypher-commons), version: 2.1.7; revision: 2.1.7:2.1-maint:649/ed233fc1087f4549d1956b8ec4a504fe2f13a446
2015-02-09 17:22:01.484+0000 INFO  [o.n.k.i.DiagnosticsManager]: --- STARTED diagnostics for KernelDiagnostics:Versions END ---
2015-02-09 17:22:01.486+0000 INFO  [o.n.k.i.DiagnosticsManager]: --- STARTED diagnostics for NEO_STORE_VERSIONS START ---
2015-02-09 17:22:01.486+0000 INFO  [o.n.k.i.DiagnosticsManager]: Store versions:
2015-02-09 17:22:01.486+0000 INFO  [o.n.k.i.DiagnosticsManager]: Store versions:
2015-02-09 17:22:01.486+0000 INFO  [o.n.k.i.DiagnosticsManager]:   NeoStore v0.A.3
2015-02-09 17:22:01.486+0000 INFO  [o.n.k.i.DiagnosticsManager]:   SchemaStore v0.A.3
2015-02-09 17:22:01.486+0000 INFO  [o.n.k.i.DiagnosticsManager]:   NodeStore v0.A.3
2015-02-09 17:22:01.487+0000 INFO  [o.n.k.i.DiagnosticsManager]:   RelationshipStore v0.A.3
2015-02-09 17:22:01.487+0000 INFO  [o.n.k.i.DiagnosticsManager]:   RelationshipTypeStore v0.A.3
2015-02-09 17:22:01.487+0000 INFO  [o.n.k.i.DiagnosticsManager]:   LabelTokenStore v0.A.3
2015-02-09 17:22:01.487+0000 INFO  [o.n.k.i.DiagnosticsManager]:   PropertyStore v0.A.3
2015-02-09 17:22:01.487+0000 INFO  [o.n.k.i.DiagnosticsManager]:   PropertyIndexStore v0.A.3
2015-02-09 17:22:01.487+0000 INFO  [o.n.k.i.DiagnosticsManager]:   StringPropertyStore v0.A.3
2015-02-09 17:22:01.487+0000 INFO  [o.n.k.i.DiagnosticsManager]:   ArrayPropertyStore v0.A.3
2015-02-09 17:22:01.487+0000 INFO  [o.n.k.i.DiagnosticsManager]:   RelationshipGroupStore v0.A.3
2015-02-09 17:22:01.487+0000 INFO  [o.n.k.i.DiagnosticsManager]: --- STARTED diagnostics for NEO_STORE_VERSIONS END ---
2015-02-09 17:22:01.487+0000 INFO  [o.n.k.i.DiagnosticsManager]: --- STARTED diagnostics for NEO_STORE_ID_USAGE START ---
2015-02-09 17:22:01.487+0000 INFO  [o.n.k.i.DiagnosticsManager]: Id usage:
2015-02-09 17:22:01.487+0000 INFO  [o.n.k.i.DiagnosticsManager]: Id usage:
2015-02-09 17:22:01.487+0000 INFO  [o.n.k.i.DiagnosticsManager]:   SchemaStore: used=1 high=0
2015-02-09 17:22:01.487+0000 INFO  [o.n.k.i.DiagnosticsManager]:   NodeStore: used=4 high=3
2015-02-09 17:22:01.487+0000 INFO  [o.n.k.i.DiagnosticsManager]:   RelationshipStore: used=0 high=-1
2015-02-09 17:22:01.487+0000 INFO  [o.n.k.i.DiagnosticsManager]:   RelationshipTypeStore: used=0 high=-1
2015-02-09 17:22:01.488+0000 INFO  [o.n.k.i.DiagnosticsManager]:   LabelTokenStore: used=1 high=0
2015-02-09 17:22:01.488+0000 INFO  [o.n.k.i.DiagnosticsManager]:   PropertyStore: used=16 high=15
2015-02-09 17:22:01.488+0000 INFO  [o.n.k.i.DiagnosticsManager]:   PropertyIndexStore: used=7 high=6
2015-02-09 17:22:01.488+0000 INFO  [o.n.k.i.DiagnosticsManager]:   StringPropertyStore: used=1 high=0
2015-02-09 17:22:01.488+0000 INFO  [o.n.k.i.DiagnosticsManager]:   ArrayPropertyStore: used=1 high=0
2015-02-09 17:22:01.488+0000 INFO  [o.n.k.i.DiagnosticsManager]:   RelationshipGroupStore: used=1 high=0
2015-02-09 17:22:01.488+0000 INFO  [o.n.k.i.DiagnosticsManager]: --- STARTED diagnostics for NEO_STORE_ID_USAGE END ---
2015-02-09 17:22:01.488+0000 INFO  [o.n.k.i.DiagnosticsManager]: --- STARTED diagnostics for PERSISTENCE_WINDOW_POOL_STATS START ---
2015-02-09 17:22:01.488+0000 INFO  [o.n.k.i.DiagnosticsManager]: --- STARTED diagnostics for PERSISTENCE_WINDOW_POOL_STATS END ---
2015-02-09 17:22:01.489+0000 INFO  [o.n.k.i.DiagnosticsManager]: --- STARTED diagnostics for KernelDiagnostics:StoreFiles START ---
2015-02-09 17:22:01.491+0000 INFO  [o.n.k.i.DiagnosticsManager]: Disk space on partition (Total / Free / Free %): 119664537600 / 14341804032 / 11
Storage files: (filename : modification date - size)
2015-02-09 17:22:01.492+0000 INFO  [o.n.k.i.DiagnosticsManager]:   active_tx_log: 2015-02-09T18:18:06+0100 - 11.00 B
2015-02-09 17:22:01.492+0000 INFO  [o.n.k.i.DiagnosticsManager]:   index:
2015-02-09 17:22:01.492+0000 INFO  [o.n.k.i.DiagnosticsManager]:     lucene-store.db: 2015-02-09T18:18:06+0100 - 40.00 B
2015-02-09 17:22:01.493+0000 INFO  [o.n.k.i.DiagnosticsManager]:     lucene.log.1: 2015-02-09T18:22:01+0100 - 16.00 B
2015-02-09 17:22:01.494+0000 INFO  [o.n.k.i.DiagnosticsManager]:     lucene.log.active: 2015-02-09T18:22:01+0100 - 4.00 B
2015-02-09 17:22:01.494+0000 INFO  [o.n.k.i.DiagnosticsManager]:     lucene.log.v0: 2015-02-09T18:18:06+0100 - 16.00 B
2015-02-09 17:22:01.494+0000 INFO  [o.n.k.i.DiagnosticsManager]:   - Total: 2015-02-09T18:22:01+0100 - 76.00 B
2015-02-09 17:22:01.494+0000 INFO  [o.n.k.i.DiagnosticsManager]:   lock: 2015-02-09T18:22:00+0100 - 0.00 B
2015-02-09 17:22:01.498+0000 INFO  [o.n.k.i.DiagnosticsManager]:   messages.log: 2015-02-09T18:18:06+0100 - 85.63 kB
2015-02-09 17:22:01.498+0000 INFO  [o.n.k.i.DiagnosticsManager]:   neo4j.properties: 2015-02-09T18:18:06+0100 - 1.14 kB
2015-02-09 17:22:01.500+0000 INFO  [o.n.k.i.DiagnosticsManager]:   neostore: 2015-02-09T18:22:00+0100 - 81.00 B
2015-02-09 17:22:01.501+0000 INFO  [o.n.k.i.DiagnosticsManager]:   neostore.id: 2015-02-09T18:18:06+0100 - 9.00 B
2015-02-09 17:22:01.501+0000 INFO  [o.n.k.i.DiagnosticsManager]:   neostore.labeltokenstore.db: 2015-02-09T18:22:00+0100 - 5.00 B
2015-02-09 17:22:01.502+0000 INFO  [o.n.k.i.DiagnosticsManager]:   neostore.labeltokenstore.db.id: 2015-02-09T18:18:06+0100 - 9.00 B
2015-02-09 17:22:01.504+0000 INFO  [o.n.k.i.DiagnosticsManager]:   neostore.labeltokenstore.db.names: 2015-02-09T18:22:00+0100 - 76.00 B
2015-02-09 17:22:01.505+0000 INFO  [o.n.k.i.DiagnosticsManager]:   neostore.labeltokenstore.db.names.id: 2015-02-09T18:18:06+0100 - 9.00 B
2015-02-09 17:22:01.506+0000 INFO  [o.n.k.i.DiagnosticsManager]:   neostore.nodestore.db: 2015-02-09T18:22:00+0100 - 60.00 B
2015-02-09 17:22:01.507+0000 INFO  [o.n.k.i.DiagnosticsManager]:   neostore.nodestore.db.id: 2015-02-09T18:18:06+0100 - 9.00 B
2015-02-09 17:22:01.508+0000 INFO  [o.n.k.i.DiagnosticsManager]:   neostore.nodestore.db.labels: 2015-02-09T18:22:00+0100 - 68.00 B
2015-02-09 17:22:01.508+0000 INFO  [o.n.k.i.DiagnosticsManager]:   neostore.nodestore.db.labels.id: 2015-02-09T18:18:06+0100 - 9.00 B
2015-02-09 17:22:01.510+0000 INFO  [o.n.k.i.DiagnosticsManager]:   neostore.propertystore.db: 2015-02-09T18:22:00+0100 - 656.00 B
2015-02-09 17:22:01.511+0000 INFO  [o.n.k.i.DiagnosticsManager]:   neostore.propertystore.db.arrays: 2015-02-09T18:22:00+0100 - 128.00 B
2015-02-09 17:22:01.511+0000 INFO  [o.n.k.i.DiagnosticsManager]:   neostore.propertystore.db.arrays.id: 2015-02-09T18:18:06+0100 - 9.00 B
2015-02-09 17:22:01.512+0000 INFO  [o.n.k.i.DiagnosticsManager]:   neostore.propertystore.db.id: 2015-02-09T18:18:06+0100 - 9.00 B
2015-02-09 17:22:01.514+0000 INFO  [o.n.k.i.DiagnosticsManager]:   neostore.propertystore.db.index: 2015-02-09T18:22:00+0100 - 63.00 B
2015-02-09 17:22:01.515+0000 INFO  [o.n.k.i.DiagnosticsManager]:   neostore.propertystore.db.index.id: 2015-02-09T18:18:06+0100 - 9.00 B
2015-02-09 17:22:01.516+0000 INFO  [o.n.k.i.DiagnosticsManager]:   neostore.propertystore.db.index.keys: 2015-02-09T18:22:00+0100 - 304.00 B
2015-02-09 17:22:01.517+0000 INFO  [o.n.k.i.DiagnosticsManager]:   neostore.propertystore.db.index.keys.id: 2015-02-09T18:18:06+0100 - 9.00 B
2015-02-09 17:22:01.518+0000 INFO  [o.n.k.i.DiagnosticsManager]:   neostore.propertystore.db.strings: 2015-02-09T18:22:00+0100 - 128.00 B
2015-02-09 17:22:01.518+0000 INFO  [o.n.k.i.DiagnosticsManager]:   neostore.propertystore.db.strings.id: 2015-02-09T18:18:06+0100 - 9.00 B
2015-02-09 17:22:01.519+0000 INFO  [o.n.k.i.DiagnosticsManager]:   neostore.relationshipgroupstore.db: 2015-02-09T18:22:00+0100 - 25.00 B
2015-02-09 17:22:01.519+0000 INFO  [o.n.k.i.DiagnosticsManager]:   neostore.relationshipgroupstore.db.id: 2015-02-09T18:18:06+0100 - 9.00 B
2015-02-09 17:22:01.520+0000 INFO  [o.n.k.i.DiagnosticsManager]:   neostore.relationshipstore.db: 2015-02-09T18:22:00+0100 - 0.00 B
2015-02-09 17:22:01.520+0000 INFO  [o.n.k.i.DiagnosticsManager]:   neostore.relationshipstore.db.id: 2015-02-09T18:18:06+0100 - 9.00 B
2015-02-09 17:22:01.520+0000 INFO  [o.n.k.i.DiagnosticsManager]:   neostore.relationshiptypestore.db: 2015-02-09T18:22:00+0100 - 0.00 B
2015-02-09 17:22:01.521+0000 INFO  [o.n.k.i.DiagnosticsManager]:   neostore.relationshiptypestore.db.id: 2015-02-09T18:18:06+0100 - 9.00 B
2015-02-09 17:22:01.521+0000 INFO  [o.n.k.i.DiagnosticsManager]:   neostore.relationshiptypestore.db.names: 2015-02-09T18:22:00+0100 - 38.00 B
2015-02-09 17:22:01.522+0000 INFO  [o.n.k.i.DiagnosticsManager]:   neostore.relationshiptypestore.db.names.id: 2015-02-09T18:18:06+0100 - 9.00 B
2015-02-09 17:22:01.523+0000 INFO  [o.n.k.i.DiagnosticsManager]:   neostore.schemastore.db: 2015-02-09T18:22:00+0100 - 64.00 B
2015-02-09 17:22:01.523+0000 INFO  [o.n.k.i.DiagnosticsManager]:   neostore.schemastore.db.id: 2015-02-09T18:18:06+0100 - 9.00 B
2015-02-09 17:22:01.524+0000 INFO  [o.n.k.i.DiagnosticsManager]:   nioneo_logical.log.1: 2015-02-09T18:22:00+0100 - 16.00 B
2015-02-09 17:22:01.524+0000 INFO  [o.n.k.i.DiagnosticsManager]:   nioneo_logical.log.active: 2015-02-09T18:22:00+0100 - 4.00 B
2015-02-09 17:22:01.524+0000 INFO  [o.n.k.i.DiagnosticsManager]:   nioneo_logical.log.v0: 2015-02-09T18:18:06+0100 - 3.23 kB
2015-02-09 17:22:01.524+0000 INFO  [o.n.k.i.DiagnosticsManager]:   rrd: 2015-02-09T18:18:06+0100 - 1.93 MB
2015-02-09 17:22:01.524+0000 INFO  [o.n.k.i.DiagnosticsManager]:   schema:
2015-02-09 17:22:01.525+0000 INFO  [o.n.k.i.DiagnosticsManager]:     label:
2015-02-09 17:22:01.525+0000 INFO  [o.n.k.i.DiagnosticsManager]:       lucene:
2015-02-09 17:22:01.525+0000 INFO  [o.n.k.i.DiagnosticsManager]:         _0.cfs: 2015-02-09T18:18:06+0100 - 225.00 B
2015-02-09 17:22:01.525+0000 INFO  [o.n.k.i.DiagnosticsManager]:         segments.gen: 2015-02-09T18:18:06+0100 - 20.00 B
2015-02-09 17:22:01.526+0000 INFO  [o.n.k.i.DiagnosticsManager]:         segments_1: 2015-02-09T18:18:06+0100 - 215.00 B
2015-02-09 17:22:01.526+0000 INFO  [o.n.k.i.DiagnosticsManager]:         write.lock: 2015-02-09T18:22:00+0100 - 0.00 B
2015-02-09 17:22:01.532+0000 INFO  [o.n.k.i.DiagnosticsManager]:       - Total: 2015-02-09T18:22:00+0100 - 460.00 B
2015-02-09 17:22:01.532+0000 INFO  [o.n.k.i.DiagnosticsManager]:     - Total: 2015-02-09T18:18:06+0100 - 460.00 B
2015-02-09 17:22:01.532+0000 INFO  [o.n.k.i.DiagnosticsManager]:   - Total: 2015-02-09T18:18:06+0100 - 460.00 B
2015-02-09 17:22:01.533+0000 INFO  [o.n.k.i.DiagnosticsManager]:   store_lock: 2015-02-09T18:18:06+0100 - 0.00 B
2015-02-09 17:22:01.533+0000 INFO  [o.n.k.i.DiagnosticsManager]:   tm_tx_log.1: 2015-02-09T18:22:00+0100 - 0.00 B
2015-02-09 17:22:01.533+0000 INFO  [o.n.k.i.DiagnosticsManager]: --- STARTED diagnostics for KernelDiagnostics:StoreFiles END ---
2015-02-09 17:22:01.570+0000 INFO  [o.n.k.EmbeddedGraphDatabase]: Database is now ready
2015-02-09 17:22:01.965+0000 INFO  [o.n.s.d.LifecycleManagingDatabase]: Successfully started database
2015-02-09 17:22:01.966+0000 INFO  [o.n.k.i.DiagnosticsManager]: --- SERVER STARTED START ---
2015-02-09 17:22:02.011+0000 INFO  [o.n.s.CommunityNeoServer]: Starting HTTP on port :7474 with 80 threads available
2015-02-09 17:22:02.216+0000 INFO  [o.n.k.i.DiagnosticsManager]: --- STARTED diagnostics for org.neo4j.server.configuration.Configurator START ---
2015-02-09 17:22:02.217+0000 INFO  [o.n.k.i.DiagnosticsManager]: Server configuration:
2015-02-09 17:22:02.218+0000 INFO  [o.n.k.i.DiagnosticsManager]: org.neo4j.server.db.tuning.properties = C:\Users\Damjan\Documents\Visual Studio 2013\Projects\VeselaJetra\GraphDB\neo4j.properties
2015-02-09 17:22:02.218+0000 INFO  [o.n.k.i.DiagnosticsManager]: org.neo4j.server.database.location = C:\Users\Damjan\Documents\Visual Studio 2013\Projects\VeselaJetra\GraphDB
2015-02-09 17:22:02.218+0000 INFO  [o.n.k.i.DiagnosticsManager]: --- STARTED diagnostics for org.neo4j.server.configuration.Configurator END ---
2015-02-09 17:22:02.220+0000 INFO  [o.n.s.m.DiscoveryModule]: Mounted discovery module at [/]
2015-02-09 17:22:02.226+0000 INFO  [o.n.s.m.RESTApiModule]: Mounted REST API at [/db/data]
2015-02-09 17:22:02.228+0000 INFO  [o.n.s.m.ManagementApiModule]: Mounted management API at [/db/manage]
2015-02-09 17:22:02.228+0000 INFO  [o.n.s.m.WebAdminModule]: Mounted webadmin at [/webadmin]
2015-02-09 17:22:02.228+0000 INFO  [o.n.s.m.Neo4jBrowserModule]: Mounted Neo4j Browser at [/browser]
2015-02-09 17:22:02.266+0000 INFO  [o.n.s.w.Jetty9WebServer]: Mounting static content at [/webadmin] from [webadmin-html]
2015-02-09 17:22:02.297+0000 INFO  [o.n.s.w.Jetty9WebServer]: Mounting static content at [/browser] from [browser]
2015-02-09 17:22:03.400+0000 INFO  [o.n.s.CommunityNeoServer]: Server started on: http://localhost:7474/
2015-02-09 17:22:03.401+0000 INFO  [o.n.s.CommunityNeoServer]: Remote interface ready and available at [http://localhost:7474/]
2015-02-09 17:22:03.401+0000 INFO  [o.n.k.i.DiagnosticsManager]: --- SERVER STARTED END ---
